12/12 16:27:32.866 [http-nio-8080-exec-8/INFO] [WebSquareConfig.getStringValue] key[//wqDefiner/@value] value[] defaultValue[]
12/12 16:27:32.867 [http-nio-8080-exec-8/INFO] [WebSquareConfig.getStringValue] key[//upload/@support] value[] defaultValue[true]
12/12 16:27:32.868 [http-nio-8080-exec-8/INFO] [WebSquareConfig.getStringValue] key[/websquare/upload/maxUploadSize/@value] value[200000000] defaultValue[1048576]
12/12 16:27:32.870 [http-nio-8080-exec-8/INFO] [WebSquareConfig.getStringValue] key[//upload/encoding/@value] value[UTF-8] defaultValue[KSC5601]
12/12 16:31:58.438 [http-nio-8080-exec-2/INFO] [WebSquareConfig.getStringValue] key[//wqDefiner/@value] value[] defaultValue[]
12/12 16:31:58.440 [http-nio-8080-exec-2/INFO] [WebSquareConfig.getStringValue] key[//upload/@support] value[] defaultValue[true]
12/12 16:31:58.440 [http-nio-8080-exec-2/INFO] [WebSquareConfig.getStringValue] key[/websquare/upload/maxUploadSize/@value] value[200000000] defaultValue[1048576]
12/12 16:31:58.442 [http-nio-8080-exec-2/INFO] [WebSquareConfig.getStringValue] key[//upload/encoding/@value] value[UTF-8] defaultValue[KSC5601]
12/12 16:31:58.443 [http-nio-8080-exec-2/INFO] [WebSquareConfig.getStringValue] key[//upload/baseDir/@value] value[/Users/yongsang/Development/workspace/java/kbiz-labor/runtime/websquare_home/upload] defaultValue[null]
12/12 16:31:58.444 [http-nio-8080-exec-2/INFO] [WebSquareConfig.getStringValue] key[//upload/folderName/@value] value[up] defaultValue[]
12/12 16:41:41.161 [http-nio-8080-exec-2/INFO] [WebSquareConfig.getStringValue] key[//wqDefiner/@value] value[] defaultValue[]
12/12 16:41:41.163 [http-nio-8080-exec-2/INFO] [WebSquareConfig.getStringValue] key[//upload/@support] value[] defaultValue[true]
12/12 16:41:41.164 [http-nio-8080-exec-2/INFO] [WebSquareConfig.getStringValue] key[/websquare/upload/maxUploadSize/@value] value[200000000] defaultValue[1048576]
12/12 16:41:41.166 [http-nio-8080-exec-2/INFO] [WebSquareConfig.getStringValue] key[//upload/encoding/@value] value[UTF-8] defaultValue[KSC5601]
12/12 16:41:41.182 [http-nio-8080-exec-2/INFO] [WebSquareConfig.getStringValue] key[//upload/baseDir/@value] value[/Users/yongsang/Development/workspace/java/kbiz-labor/runtime/websquare_home/upload] defaultValue[null]
12/12 16:41:41.182 [http-nio-8080-exec-2/INFO] [WebSquareConfig.getStringValue] key[//upload/folderName/@value] value[up] defaultValue[]
12/12 16:44:41.408 [http-nio-8080-exec-2/INFO] [WebSquareConfig.getStringValue] key[//wqDefiner/@value] value[] defaultValue[]
12/12 16:44:41.409 [http-nio-8080-exec-2/INFO] [WebSquareConfig.getStringValue] key[//upload/@support] value[] defaultValue[true]
12/12 16:44:41.410 [http-nio-8080-exec-2/INFO] [WebSquareConfig.getStringValue] key[/websquare/upload/maxUploadSize/@value] value[200000000] defaultValue[1048576]
12/12 16:44:41.412 [http-nio-8080-exec-2/INFO] [WebSquareConfig.getStringValue] key[//upload/encoding/@value] value[UTF-8] defaultValue[KSC5601]
12/12 16:44:41.414 [http-nio-8080-exec-2/INFO] [WebSquareConfig.getStringValue] key[//upload/baseDir/@value] value[/Users/yongsang/Development/workspace/java/kbiz-labor/runtime/websquare_home/upload] defaultValue[null]
12/12 16:44:41.414 [http-nio-8080-exec-2/INFO] [WebSquareConfig.getStringValue] key[//upload/folderName/@value] value[up] defaultValue[]
12/12 16:55:59.194 [http-nio-8080-exec-1/INFO] [WebSquareConfig.getStringValue] key[//wqDefiner/@value] value[] defaultValue[]
12/12 16:55:59.196 [http-nio-8080-exec-1/INFO] [WebSquareConfig.getStringValue] key[//upload/@support] value[] defaultValue[true]
12/12 16:55:59.197 [http-nio-8080-exec-1/INFO] [WebSquareConfig.getStringValue] key[/websquare/upload/maxUploadSize/@value] value[200000000] defaultValue[1048576]
12/12 16:55:59.199 [http-nio-8080-exec-1/INFO] [WebSquareConfig.getStringValue] key[//upload/encoding/@value] value[UTF-8] defaultValue[KSC5601]
12/12 16:55:59.201 [http-nio-8080-exec-1/INFO] [WebSquareConfig.getStringValue] key[//upload/baseDir/@value] value[/Users/yongsang/Development/workspace/java/kbiz-labor/runtime/websquare_home/upload] defaultValue[null]
12/12 16:55:59.202 [http-nio-8080-exec-1/INFO] [WebSquareConfig.getStringValue] key[//upload/folderName/@value] value[up] defaultValue[]
12/12 16:59:39.120 [http-nio-8080-exec-1/INFO] [WebSquareConfig.getStringValue] key[//wqDefiner/@value] value[] defaultValue[]
12/12 16:59:39.122 [http-nio-8080-exec-1/INFO] [WebSquareConfig.getStringValue] key[//upload/@support] value[] defaultValue[true]
12/12 16:59:39.123 [http-nio-8080-exec-1/INFO] [WebSquareConfig.getStringValue] key[/websquare/upload/maxUploadSize/@value] value[200000000] defaultValue[1048576]
12/12 16:59:39.125 [http-nio-8080-exec-1/INFO] [WebSquareConfig.getStringValue] key[//upload/encoding/@value] value[UTF-8] defaultValue[KSC5601]
12/12 16:59:39.126 [http-nio-8080-exec-1/INFO] [WebSquareConfig.getStringValue] key[//upload/baseDir/@value] value[/Users/yongsang/Development/workspace/java/kbiz-labor/runtime/websquare_home/upload] defaultValue[null]
12/12 16:59:39.127 [http-nio-8080-exec-1/INFO] [WebSquareConfig.getStringValue] key[//upload/folderName/@value] value[up] defaultValue[]
12/12 17:00:33.846 [http-nio-8080-exec-1/INFO] [WebSquareConfig.getStringValue] key[//wqDefiner/@value] value[] defaultValue[]
12/12 17:00:33.848 [http-nio-8080-exec-1/INFO] [WebSquareConfig.getStringValue] key[//upload/@support] value[] defaultValue[true]
12/12 17:00:33.849 [http-nio-8080-exec-1/INFO] [WebSquareConfig.getStringValue] key[/websquare/upload/maxUploadSize/@value] value[200000000] defaultValue[1048576]
12/12 17:00:33.851 [http-nio-8080-exec-1/INFO] [WebSquareConfig.getStringValue] key[//upload/encoding/@value] value[UTF-8] defaultValue[KSC5601]
12/12 17:00:33.852 [http-nio-8080-exec-1/INFO] [WebSquareConfig.getStringValue] key[//upload/baseDir/@value] value[/Users/yongsang/Development/workspace/java/kbiz-labor/runtime/websquare_home/upload] defaultValue[null]
12/12 17:00:33.853 [http-nio-8080-exec-1/INFO] [WebSquareConfig.getStringValue] key[//upload/folderName/@value] value[up] defaultValue[]
12/12 17:05:29.271 [http-nio-8080-exec-1/INFO] [WebSquareConfig.getStringValue] key[//wqDefiner/@value] value[] defaultValue[]
12/12 17:05:29.273 [http-nio-8080-exec-1/INFO] [WebSquareConfig.getStringValue] key[//upload/@support] value[] defaultValue[true]
12/12 17:05:29.273 [http-nio-8080-exec-1/INFO] [WebSquareConfig.getStringValue] key[/websquare/upload/maxUploadSize/@value] value[200000000] defaultValue[1048576]
12/12 17:05:29.275 [http-nio-8080-exec-1/INFO] [WebSquareConfig.getStringValue] key[//upload/encoding/@value] value[UTF-8] defaultValue[KSC5601]
12/12 17:05:29.277 [http-nio-8080-exec-1/INFO] [WebSquareConfig.getStringValue] key[//upload/baseDir/@value] value[/Users/yongsang/Development/workspace/java/kbiz-labor/runtime/websquare_home/upload] defaultValue[null]
12/12 17:05:29.277 [http-nio-8080-exec-1/INFO] [WebSquareConfig.getStringValue] key[//upload/folderName/@value] value[up] defaultValue[]
12/12 17:15:19.699 [http-nio-8080-exec-10/INFO] [WebSquareConfig.getStringValue] key[//webpackType/@value] value[] defaultValue[default]
12/12 17:15:19.774 [http-nio-8080-exec-10/INFO] [WebSquareConfig.getStringValue] key[//engineType/@baseFolder] value[] defaultValue[]
12/12 17:15:19.949 [http-nio-8080-exec-10/INFO] [WebSquareConfig.getStringValue] key[//engineType/@coverage] value[notsupport] defaultValue[notsupport]
12/12 17:15:19.949 [http-nio-8080-exec-10/SEVERE] LoadingModule [websquare.WebSquareEngine][3708175][1]
12/12 17:15:20.072 [http-nio-8080-exec-10/INFO] [WebSquareConfig.getStringValue] key[//webpackType/@etag] value[] defaultValue[support]
12/12 17:19:34.468 [http-nio-8080-exec-2/INFO] [WebSquareConfig.getStringValue] key[//wqDefiner/@value] value[] defaultValue[]
12/12 17:19:34.470 [http-nio-8080-exec-2/INFO] [WebSquareConfig.getStringValue] key[//upload/@support] value[] defaultValue[true]
12/12 17:19:34.471 [http-nio-8080-exec-2/INFO] [WebSquareConfig.getStringValue] key[/websquare/upload/maxUploadSize/@value] value[200000000] defaultValue[1048576]
12/12 17:19:34.473 [http-nio-8080-exec-2/INFO] [WebSquareConfig.getStringValue] key[//upload/encoding/@value] value[UTF-8] defaultValue[KSC5601]
12/12 17:19:34.474 [http-nio-8080-exec-2/INFO] [WebSquareConfig.getStringValue] key[//upload/baseDir/@value] value[/Users/yongsang/Development/workspace/java/kbiz-labor/runtime/websquare_home/upload] defaultValue[null]
12/12 17:19:34.475 [http-nio-8080-exec-2/INFO] [WebSquareConfig.getStringValue] key[//upload/folderName/@value] value[up] defaultValue[]
12/12 17:19:34.488 [http-nio-8080-exec-2/INFO] [WebSquareConfig.getStringValue] key[//engineType/@value] value[5] defaultValue[1]
12/12 17:19:34.528 [http-nio-8080-exec-2/INFO] [WebSquareConfig.getStringValue] key[//engineType/@baseFolder] value[] defaultValue[]
12/12 17:19:34.534 [http-nio-8080-exec-2/INFO] [WebSquareConfig.getStringValue] key[//engineType/@coverage] value[notsupport] defaultValue[notsupport]
12/12 17:19:34.538 [http-nio-8080-exec-2/SEVERE] LoadingModule [/bootloader][websquare.Bootloader][17984][5]
12/12 17:19:34.539 [http-nio-8080-exec-2/INFO] [WebSquareConfig.getStringValue] key[//engineType/@etag] value[support] defaultValue[support]
12/12 17:19:34.568 [http-nio-8080-exec-8/SEVERE] LoadingModule [engine/CommonRuntime][websquare.engine.CommonRuntime][0][5]
12/12 17:19:34.572 [http-nio-8080-exec-8/SEVERE] LoadingModule [engine/core][websquare.engine.Core][47470][5]
12/12 17:19:34.574 [http-nio-8080-exec-8/SEVERE] LoadingModule [engine/exception][websquare.engine.Exception][5754][5]
12/12 17:19:34.576 [http-nio-8080-exec-8/SEVERE] LoadingModule [engine/logger][websquare.engine.Logger][24568][5]
12/12 17:19:34.580 [http-nio-8080-exec-8/SEVERE] LoadingModule [engine/xml][websquare.engine.Xml][33569][5]
12/12 17:19:34.582 [http-nio-8080-exec-8/SEVERE] LoadingModule [engine/collection][websquare.engine.Collection][14815][5]
12/12 17:19:34.584 [http-nio-8080-exec-8/SEVERE] LoadingModule [engine/WebSquareDocument][websquare.engine.WebSquareDocument][10118][5]
12/12 17:19:34.587 [http-nio-8080-exec-8/SEVERE] LoadingModule [engine/Parser][websquare.engine.Parser][30002][5]
12/12 17:19:34.589 [http-nio-8080-exec-8/SEVERE] LoadingModule [engine/Model][websquare.engine.Model][5977][5]
12/12 17:19:34.591 [http-nio-8080-exec-8/SEVERE] LoadingModule [engine/Actions][websquare.engine.Actions][5444][5]
12/12 17:19:34.597 [http-nio-8080-exec-8/SEVERE] LoadingModule [engine/ModelUtil][websquare.engine.ModelUtil][98173][5]
12/12 17:19:34.600 [http-nio-8080-exec-8/SEVERE] LoadingModule [engine/DataCollection][websquare.engine.DataCollection][29178][5]
12/12 17:19:34.601 [http-nio-8080-exec-8/SEVERE] LoadingModule [engine/Events][websquare.engine.Events][215][5]
12/12 17:19:34.604 [http-nio-8080-exec-8/SEVERE] LoadingModule [engine/form][websquare.engine.Form][26026][5]
12/12 17:19:34.606 [http-nio-8080-exec-8/SEVERE] LoadingModule [engine/net][websquare.engine.Net][16397][5]
12/12 17:19:34.607 [http-nio-8080-exec-8/SEVERE] LoadingModule [engine/session][websquare.engine.Session][2896][5]
12/12 17:19:34.624 [http-nio-8080-exec-8/SEVERE] LoadingModule [engine/util][websquare.engine.Util][117765][5]
12/12 17:19:34.627 [http-nio-8080-exec-8/SEVERE] LoadingModule [engine/date][websquare.engine.Date][23940][5]
12/12 17:19:34.630 [http-nio-8080-exec-8/SEVERE] LoadingModule [engine/text][websquare.engine.Text][34526][5]
12/12 17:19:34.631 [http-nio-8080-exec-8/SEVERE] LoadingModule [engine/layer][websquare.engine.Layer][10781][5]
12/12 17:19:34.633 [http-nio-8080-exec-8/SEVERE] LoadingModule [engine/cookie][websquare.engine.Cookie][762][5]
12/12 17:19:34.634 [http-nio-8080-exec-8/SEVERE] LoadingModule [engine/domIterator][websquare.engine.DomIterator][2479][5]
12/12 17:19:34.635 [http-nio-8080-exec-8/SEVERE] LoadingModule [engine/effect][websquare.engine.Effect][14767][5]
12/12 17:19:34.637 [http-nio-8080-exec-8/SEVERE] LoadingModule [engine/thread][websquare.engine.Thread][1383][5]
12/12 17:19:34.638 [http-nio-8080-exec-8/SEVERE] LoadingModule [engine/event][websquare.engine.Event][19371][5]
12/12 17:19:34.647 [http-nio-8080-exec-8/SEVERE] LoadingModule [engine/skin][websquare.engine.Skin][8159][5]
12/12 17:19:34.648 [http-nio-8080-exec-8/SEVERE] LoadingModule [engine/language][websquare.engine.Language][480][5]
12/12 17:19:34.650 [http-nio-8080-exec-8/SEVERE] LoadingModule [engine/geometry][websquare.engine.Geometry][5656][5]
12/12 17:19:34.651 [http-nio-8080-exec-8/SEVERE] LoadingModule [engine/shape][websquare.engine.Shape][12409][5]
12/12 17:19:34.653 [http-nio-8080-exec-8/SEVERE] LoadingModule [engine/configManager][websquare.engine.ConfigManager][1106][5]
12/12 17:19:34.654 [http-nio-8080-exec-8/SEVERE] LoadingModule [engine/cssStyleSheet][websquare.engine.CssStyleSheet][4604][5]
12/12 17:19:34.655 [http-nio-8080-exec-8/SEVERE] LoadingModule [uiplugin/control/eventControl][websquare.uiplugin.control.EventControl][8797][5]
12/12 17:19:34.657 [http-nio-8080-exec-8/SEVERE] LoadingModule [engine/dragdrop][websquare.engine.Dragdrop][12576][5]
12/12 17:19:34.658 [http-nio-8080-exec-8/SEVERE] LoadingModule [engine/formatter][websquare.engine.Formatter][8870][5]
12/12 17:19:34.660 [http-nio-8080-exec-8/SEVERE] LoadingModule [engine/style][websquare.engine.Style][14017][5]
12/12 17:19:34.663 [http-nio-8080-exec-8/SEVERE] LoadingModule [engine/validator][websquare.engine.Validator][48490][5]
12/12 17:19:34.664 [http-nio-8080-exec-8/SEVERE] LoadingModule [engine/wUnit][websquare.engine.WUnit][14779][5]
12/12 17:19:34.666 [http-nio-8080-exec-8/SEVERE] LoadingModule [engine/json][websquare.engine.Json][9619][5]
12/12 17:19:34.667 [http-nio-8080-exec-8/SEVERE] LoadingModule [engine/jquerySupport][websquare.engine.JquerySupport][3816][5]
12/12 17:19:34.669 [http-nio-8080-exec-8/SEVERE] LoadingModule [uiplugin/control/css][websquare.uiplugin.control.Css][11497][5]
12/12 17:19:34.670 [http-nio-8080-exec-8/SEVERE] LoadingModule [uiplugin/control/IAction][websquare.uiplugin.control.IAction][218][5]
12/12 17:19:34.671 [http-nio-8080-exec-8/SEVERE] LoadingModule [uiplugin/control/IVisible][websquare.uiplugin.control.IVisible][118][5]
12/12 17:19:34.672 [http-nio-8080-exec-8/SEVERE] LoadingModule [uiplugin/control/ISerialize][websquare.uiplugin.control.ISerialize][248][5]
12/12 17:19:34.674 [http-nio-8080-exec-8/SEVERE] LoadingModule [uiplugin/control/widget][websquare.uiplugin.control.Widget][23][5]
12/12 17:19:34.675 [http-nio-8080-exec-8/SEVERE] LoadingModule [uiplugin/control/control][websquare.uiplugin.control.Control][5707][5]
12/12 17:19:34.677 [http-nio-8080-exec-8/SEVERE] LoadingModule [uiplugin/control/cssManager][websquare.uiplugin.control.CssManager][10841][5]
12/12 17:19:34.679 [http-nio-8080-exec-8/SEVERE] LoadingModule [uiplugin/control/cssCustomizer][websquare.uiplugin.control.CssCustomizer][2212][5]
12/12 17:19:34.682 [http-nio-8080-exec-8/SEVERE] LoadingModule [uiplugin/control/htmlControl][websquare.uiplugin.control.HtmlControl][514][5]
12/12 17:19:34.685 [http-nio-8080-exec-8/SEVERE] LoadingModule [uiplugin/control/xfControl][websquare.uiplugin.control.XfControl][35376][5]
12/12 17:19:34.687 [http-nio-8080-exec-8/SEVERE] LoadingModule [uiplugin/control/modelControl][websquare.uiplugin.control.ModelControl][11235][5]
12/12 17:19:34.688 [http-nio-8080-exec-8/SEVERE] LoadingModule [uiplugin/control/controlManager][websquare.uiplugin.control.ControlManager][2696][5]
12/12 17:19:34.690 [http-nio-8080-exec-8/SEVERE] LoadingModule [uiplugin/control/controlFactory][websquare.uiplugin.control.ControlFactory][7255][5]
12/12 17:19:34.691 [http-nio-8080-exec-8/SEVERE] LoadingModule [uiplugin/control/executeHelper][websquare.uiplugin.control.ExecuteHelper][6286][5]
12/12 17:19:34.693 [http-nio-8080-exec-8/SEVERE] LoadingModule [uiplugin/control/controlIterator][websquare.uiplugin.control.ControlIterator][0][5]
12/12 17:19:34.694 [http-nio-8080-exec-8/SEVERE] LoadingModule [uiplugin/balloonTip/balloonTip][websquare.uiplugin.balloonTip.BalloonTip][2143][5]
12/12 17:19:34.696 [http-nio-8080-exec-8/SEVERE] LoadingModule [engine/localStorage][websquare.engine.LocalStorage][5113][5]
12/12 17:19:34.697 [http-nio-8080-exec-8/SEVERE] LoadingModule [engine/big][websquare.engine.Big][5435][5]
12/12 17:19:34.698 [http-nio-8080-exec-8/SEVERE] LoadingModule [engine/api][websquare.engine.Api][2887][5]
12/12 17:19:34.700 [http-nio-8080-exec-8/SEVERE] LoadingModule [engine/initializer][websquare.engine.Initializer][23123][5]
12/12 17:19:34.702 [http-nio-8080-exec-8/SEVERE] LoadingModule [uiplugin/control/historyManager][websquare.uiplugin.control.HistoryManager][1383][5]
12/12 17:19:34.703 [http-nio-8080-exec-8/SEVERE] LoadingModule [uiplugin/control/itemsetControl][websquare.uiplugin.control.ItemsetControl][14892][5]
12/12 17:19:34.707 [http-nio-8080-exec-8/SEVERE] LoadingModule [uiplugin/dataList/dataController][websquare.uiplugin.dataList.DataController][94599][5]
12/12 17:19:34.709 [http-nio-8080-exec-8/SEVERE] LoadingModule [uiplugin/dataList/statusController][websquare.uiplugin.dataList.StatusController][30017][5]
12/12 17:19:34.711 [http-nio-8080-exec-8/SEVERE] LoadingModule [uiplugin/dataList/dataListCellController][websquare.uiplugin.dataList.DataListCellController][9673][5]
12/12 17:19:34.713 [http-nio-8080-exec-8/SEVERE] LoadingModule [uiplugin/dataList/dataListApiController][websquare.uiplugin.dataList.DataListApiController][40009][5]
12/12 17:19:34.715 [http-nio-8080-exec-8/SEVERE] LoadingModule [uiplugin/dataList/filterController][websquare.uiplugin.dataList.FilterController][12462][5]
12/12 17:19:34.717 [http-nio-8080-exec-8/SEVERE] LoadingModule [uiplugin/dataList/dataList][websquare.uiplugin.dataList.DataList][12033][5]
12/12 17:19:34.718 [http-nio-8080-exec-8/SEVERE] LoadingModule [uiplugin/dataMap/dataMapApiController][websquare.uiplugin.dataMap.DataMapApiController][21631][5]
12/12 17:19:34.720 [http-nio-8080-exec-8/SEVERE] LoadingModule [uiplugin/dataMap/dataMap][websquare.uiplugin.dataMap.DataMap][9312][5]
12/12 17:19:34.722 [http-nio-8080-exec-8/SEVERE] LoadingModule [uiplugin/linkedDataList/linkedFilterController][websquare.uiplugin.linkedDataList.LinkedFilterController][23421][5]
12/12 17:19:34.724 [http-nio-8080-exec-8/SEVERE] LoadingModule [uiplugin/linkedDataList/linkedDataListApiController][websquare.uiplugin.linkedDataList.LinkedDataListApiController][54622][5]
12/12 17:19:34.726 [http-nio-8080-exec-8/SEVERE] LoadingModule [uiplugin/linkedDataList/linkedDataList][websquare.uiplugin.linkedDataList.LinkedDataList][11224][5]
12/12 17:19:34.728 [http-nio-8080-exec-8/SEVERE] LoadingModule [uiplugin/aliasDataCollection/aliasDataList][websquare.uiplugin.aliasDataCollection.AliasDataList][8053][5]
12/12 17:19:34.729 [http-nio-8080-exec-8/SEVERE] LoadingModule [uiplugin/aliasDataCollection/aliasDataMap][websquare.uiplugin.aliasDataCollection.AliasDataMap][7859][5]
12/12 17:19:34.731 [http-nio-8080-exec-8/SEVERE] LoadingModule [uiplugin/aliasDataCollection/aliasLinkedDataList][websquare.uiplugin.aliasDataCollection.AliasLinkedDataList][7677][5]
12/12 17:19:34.732 [http-nio-8080-exec-8/SEVERE] LoadingModule [uiplugin/body/body][websquare.uiplugin.body.Body][23518][5]
12/12 17:19:34.734 [http-nio-8080-exec-8/SEVERE] LoadingModule [uiplugin/group/group][websquare.uiplugin.group.Group][27515][5]
12/12 17:19:34.736 [http-nio-8080-exec-8/SEVERE] LoadingModule [uiplugin/floatingLayer/floatingLayer][websquare.uiplugin.floatingLayer.FloatingLayer][19174][5]
12/12 17:19:34.737 [http-nio-8080-exec-8/SEVERE] LoadingModule [uiplugin/helper/dateHelper][websquare.uiplugin.helper.DateHelper][8072][5]
12/12 17:19:34.739 [http-nio-8080-exec-8/SEVERE] LoadingModule [uiplugin/input/basicInput][websquare.uiplugin.input.BasicInput][8222][5]
12/12 17:19:34.742 [http-nio-8080-exec-8/SEVERE] LoadingModule [uiplugin/input/input][websquare.uiplugin.input.Input][63822][5]
12/12 17:19:34.743 [http-nio-8080-exec-8/SEVERE] LoadingModule [uiplugin/layer/layer][websquare.uiplugin.layer.Layer][911][5]
12/12 17:19:34.744 [http-nio-8080-exec-8/SEVERE] LoadingModule [uiplugin/trigger/trigger][websquare.uiplugin.trigger.Trigger][12571][5]
12/12 17:19:34.745 [http-nio-8080-exec-8/SEVERE] LoadingModule [uiplugin/submit/submit][websquare.uiplugin.submit.Submit][1946][5]
12/12 17:19:34.747 [http-nio-8080-exec-8/SEVERE] LoadingModule [uiplugin/output/output][websquare.uiplugin.output.Output][9753][5]
12/12 17:19:34.748 [http-nio-8080-exec-8/SEVERE] LoadingModule [uiplugin/anchor/anchor][websquare.uiplugin.anchor.Anchor][8299][5]
12/12 17:19:34.749 [http-nio-8080-exec-8/SEVERE] LoadingModule [uiplugin/image/image][websquare.uiplugin.image.Image][4502][5]
12/12 17:19:34.751 [http-nio-8080-exec-8/SEVERE] LoadingModule [uiplugin/iframe/iframe][websquare.uiplugin.iframe.Iframe][16399][5]
12/12 17:19:34.752 [http-nio-8080-exec-8/SEVERE] LoadingModule [uiplugin/radio/radio][websquare.uiplugin.radio.Radio][20489][5]
12/12 17:19:34.754 [http-nio-8080-exec-8/SEVERE] LoadingModule [uiplugin/checkbox/checkbox][websquare.uiplugin.checkbox.Checkbox][25753][5]
12/12 17:19:34.755 [http-nio-8080-exec-8/SEVERE] LoadingModule [uiplugin/template/template][websquare.uiplugin.template.Template][1340][5]
12/12 17:19:34.757 [http-nio-8080-exec-8/SEVERE] LoadingModule [uiplugin/textarea/textarea][websquare.uiplugin.textarea.Textarea][16961][5]
12/12 17:19:34.758 [http-nio-8080-exec-8/SEVERE] LoadingModule [uiplugin/textbox/textbox][websquare.uiplugin.textbox.Textbox][14920][5]
12/12 17:19:34.760 [http-nio-8080-exec-8/SEVERE] LoadingModule [uiplugin/pageList/pageList][websquare.uiplugin.pageList.PageList][29956][5]
12/12 17:19:34.764 [http-nio-8080-exec-8/SEVERE] LoadingModule [uiplugin/repeat/repeat][websquare.uiplugin.repeat.Repeat][6620][5]
12/12 17:19:34.765 [http-nio-8080-exec-8/SEVERE] LoadingModule [uiplugin/upload/upload][websquare.uiplugin.upload.Upload][14515][5]
12/12 17:19:34.767 [http-nio-8080-exec-8/SEVERE] LoadingModule [uiplugin/graphicUtil/svgToolkit][websquare.uiplugin.graphicUtil.SvgToolkit][12807][5]
12/12 17:19:34.768 [http-nio-8080-exec-8/SEVERE] LoadingModule [uiplugin/graphicUtil/vmlToolkit][websquare.uiplugin.graphicUtil.VmlToolkit][12368][5]
12/12 17:19:34.769 [http-nio-8080-exec-8/SEVERE] LoadingModule [uiplugin/graphicUtil/graphicUtil][websquare.uiplugin.graphicUtil.GraphicUtil][2284][5]
12/12 17:19:34.770 [http-nio-8080-exec-8/SEVERE] LoadingModule [uiplugin/rectangle/rectangle][websquare.uiplugin.rectangle.Rectangle][1927][5]
12/12 17:19:34.771 [http-nio-8080-exec-8/SEVERE] LoadingModule [uiplugin/roundRectangle/roundRectangle][websquare.uiplugin.roundRectangle.RoundRectangle][2810][5]
12/12 17:19:34.773 [http-nio-8080-exec-8/SEVERE] LoadingModule [uiplugin/table/itemTable][websquare.uiplugin.table.ItemTable][30025][5]
12/12 17:19:34.776 [http-nio-8080-exec-8/SEVERE] LoadingModule [uiplugin/selectbox/selectbox][websquare.uiplugin.selectbox.Selectbox][71279][5]
12/12 17:19:34.778 [http-nio-8080-exec-8/SEVERE] LoadingModule [uiplugin/multiselect/multiselect][websquare.uiplugin.multiselect.Multiselect][17250][5]
12/12 17:19:34.781 [http-nio-8080-exec-8/SEVERE] LoadingModule [uiplugin/checkcombobox/checkcombobox][websquare.uiplugin.checkcombobox.Checkcombobox][78140][5]
12/12 17:19:34.784 [http-nio-8080-exec-8/SEVERE] LoadingModule [uiplugin/autoComplete/autoComplete][websquare.uiplugin.autoComplete.AutoComplete][89167][5]
12/12 17:19:34.786 [http-nio-8080-exec-8/SEVERE] LoadingModule [uiplugin/list/list][websquare.uiplugin.list.List][37102][5]
12/12 17:19:34.789 [http-nio-8080-exec-8/SEVERE] LoadingModule [uiplugin/calendar/calendar][websquare.uiplugin.calendar.Calendar][91436][5]
12/12 17:19:34.792 [http-nio-8080-exec-8/SEVERE] LoadingModule [uiplugin/inputCalendar/inputCalendar][websquare.uiplugin.inputCalendar.InputCalendar][62571][5]
12/12 17:19:34.794 [http-nio-8080-exec-8/SEVERE] LoadingModule [uiplugin/Switch/Switch][websquare.uiplugin.Switch.Switch][18977][5]
12/12 17:19:34.795 [http-nio-8080-exec-8/SEVERE] LoadingModule [uiplugin/tabContainer/tabContainer][websquare.uiplugin.tabContainer.TabContainer][19248][5]
12/12 17:19:34.797 [http-nio-8080-exec-8/SEVERE] LoadingModule [uiplugin/helper/korHelper][websquare.uiplugin.helper.KorHelper][3297][5]
12/12 17:19:34.798 [http-nio-8080-exec-8/SEVERE] LoadingModule [uiplugin/slideHide/slideHide][websquare.uiplugin.slideHide.SlideHide][12075][5]
12/12 17:19:34.799 [http-nio-8080-exec-8/SEVERE] LoadingModule [uiplugin/taskManager/taskManager][websquare.uiplugin.taskManager.TaskManager][3015][5]
12/12 17:19:34.800 [http-nio-8080-exec-8/SEVERE] LoadingModule [uiplugin/html/tag][websquare.uiplugin.html.Tag][10365][5]
12/12 17:19:34.801 [http-nio-8080-exec-8/SEVERE] LoadingModule [uiplugin/xhtml/xhtml][websquare.uiplugin.xhtml.Xhtml][862][5]
12/12 17:19:34.802 [http-nio-8080-exec-8/SEVERE] LoadingModule [uiplugin/xsl/xsl][websquare.uiplugin.xsl.Xsl][1983][5]
12/12 17:19:34.804 [http-nio-8080-exec-8/SEVERE] LoadingModule [uiplugin/treeview/virtualTree][websquare.uiplugin.treeview.VirtualTree][20974][5]
12/12 17:19:34.807 [http-nio-8080-exec-8/SEVERE] LoadingModule [uiplugin/treeview/virtualTreeView][websquare.uiplugin.treeview.VirtualTreeView][69758][5]
12/12 17:19:34.809 [http-nio-8080-exec-8/SEVERE] LoadingModule [uiplugin/treeview/tree][websquare.uiplugin.treeview.Tree][15544][5]
12/12 17:19:34.814 [http-nio-8080-exec-8/SEVERE] LoadingModule [uiplugin/treeview/treeview][websquare.uiplugin.treeview.Treeview][78466][5]
12/12 17:19:34.816 [http-nio-8080-exec-8/SEVERE] LoadingModule [uiplugin/menu/menu][websquare.uiplugin.menu.Menu][28387][5]
12/12 17:19:34.819 [http-nio-8080-exec-8/SEVERE] LoadingModule [uiplugin/wframe/wframe][websquare.uiplugin.wframe.Wframe][54466][5]
12/12 17:19:34.820 [http-nio-8080-exec-8/SEVERE] LoadingModule [uiplugin/wframe/wframeDocument][websquare.uiplugin.wframe.WframeDocument][1902][5]
12/12 17:19:34.821 [http-nio-8080-exec-8/SEVERE] LoadingModule [uiplugin/wframe/wframeParser][websquare.uiplugin.wframe.WframeParser][2428][5]
12/12 17:19:34.823 [http-nio-8080-exec-8/SEVERE] LoadingModule [uiplugin/window/window][websquare.uiplugin.window.Window][43546][5]
12/12 17:19:34.826 [http-nio-8080-exec-8/SEVERE] LoadingModule [uiplugin/windowContainer/windowContainer][websquare.uiplugin.windowContainer.WindowContainer][88891][5]
12/12 17:19:34.832 [http-nio-8080-exec-8/SEVERE] LoadingModule [uiplugin/gridView/layoutController][websquare.uiplugin.gridView.LayoutController][165703][5]
12/12 17:19:34.834 [http-nio-8080-exec-8/SEVERE] LoadingModule [uiplugin/gridView/drawInitializer][websquare.uiplugin.gridView.DrawInitializer][25340][5]
12/12 17:19:34.837 [http-nio-8080-exec-8/SEVERE] LoadingModule [uiplugin/gridView/eventController][websquare.uiplugin.gridView.EventController][85839][5]
12/12 17:19:34.839 [http-nio-8080-exec-8/SEVERE] LoadingModule [uiplugin/gridView/keyEventController][websquare.uiplugin.gridView.KeyEventController][42858][5]
12/12 17:19:34.841 [http-nio-8080-exec-8/SEVERE] LoadingModule [uiplugin/gridView/mainDrawController][websquare.uiplugin.gridView.MainDrawController][24015][5]
12/12 17:19:34.844 [http-nio-8080-exec-8/SEVERE] LoadingModule [uiplugin/gridView/drawController][websquare.uiplugin.gridView.DrawController][73340][5]
12/12 17:19:34.851 [http-nio-8080-exec-8/SEVERE] LoadingModule [uiplugin/gridView/cellController][websquare.uiplugin.gridView.CellController][230857][5]
12/12 17:19:34.859 [http-nio-8080-exec-8/SEVERE] LoadingModule [uiplugin/gridView/headerController][websquare.uiplugin.gridView.HeaderController][44451][5]
12/12 17:19:34.861 [http-nio-8080-exec-8/SEVERE] LoadingModule [uiplugin/gridView/focusController][websquare.uiplugin.gridView.FocusController][23801][5]
12/12 17:19:34.862 [http-nio-8080-exec-8/SEVERE] LoadingModule [uiplugin/gridView/subtotalDataController][websquare.uiplugin.gridView.SubtotalDataController][12359][5]
12/12 17:19:34.864 [http-nio-8080-exec-8/SEVERE] LoadingModule [uiplugin/gridView/footerController][websquare.uiplugin.gridView.FooterController][19311][5]
12/12 17:19:34.870 [http-nio-8080-exec-8/SEVERE] LoadingModule [uiplugin/gridView/gridViewApiController][websquare.uiplugin.gridView.GridViewApiController][229858][5]
12/12 17:19:34.872 [http-nio-8080-exec-8/SEVERE] LoadingModule [uiplugin/gridView/styleController][websquare.uiplugin.gridView.StyleController][17565][5]
12/12 17:19:34.873 [http-nio-8080-exec-8/SEVERE] LoadingModule [uiplugin/gridView/dataFilter][websquare.uiplugin.gridView.DataFilter][18017][5]
12/12 17:19:34.875 [http-nio-8080-exec-8/SEVERE] LoadingModule [uiplugin/gridView/drilldown][websquare.uiplugin.gridView.Drilldown][13550][5]
12/12 17:19:34.876 [http-nio-8080-exec-8/SEVERE] LoadingModule [uiplugin/gridView/notifyController][websquare.uiplugin.gridView.NotifyController][28588][5]
12/12 17:19:34.878 [http-nio-8080-exec-8/SEVERE] LoadingModule [uiplugin/gridView/mappingController][websquare.uiplugin.gridView.MappingController][42611][5]
12/12 17:19:34.880 [http-nio-8080-exec-8/SEVERE] LoadingModule [uiplugin/gridView/linkedMappingController][websquare.uiplugin.gridView.LinkedMappingController][21592][5]
12/12 17:19:34.882 [http-nio-8080-exec-8/SEVERE] LoadingModule [uiplugin/gridView/gridView][websquare.uiplugin.gridView.GridView][30823][5]
12/12 17:19:34.883 [http-nio-8080-exec-8/SEVERE] LoadingModule [uiplugin/grid/grid][websquare.uiplugin.grid.Grid][16275][5]
12/12 17:19:34.884 [http-nio-8080-exec-8/SEVERE] LoadingModule [uiplugin/generator/generator][websquare.uiplugin.generator.Generator][7982][5]
12/12 17:19:34.886 [http-nio-8080-exec-8/SEVERE] LoadingModule [uiplugin/scrollView/scrollView][websquare.uiplugin.scrollView.ScrollView][23761][5]
12/12 17:19:34.887 [http-nio-8080-exec-8/SEVERE] LoadingModule [uiplugin/article/article][websquare.uiplugin.article.Article][37][5]
12/12 17:19:34.887 [http-nio-8080-exec-8/SEVERE] LoadingModule [uiplugin/aside/aside][websquare.uiplugin.aside.Aside][35][5]
12/12 17:19:34.888 [http-nio-8080-exec-8/SEVERE] LoadingModule [uiplugin/audio/audio][websquare.uiplugin.audio.Audio][35][5]
12/12 17:19:34.889 [http-nio-8080-exec-8/SEVERE] LoadingModule [uiplugin/canvas/canvas][websquare.uiplugin.canvas.Canvas][36][5]
12/12 17:19:34.890 [http-nio-8080-exec-8/SEVERE] LoadingModule [uiplugin/footer/footer][websquare.uiplugin.footer.Footer][36][5]
12/12 17:19:34.891 [http-nio-8080-exec-8/SEVERE] LoadingModule [uiplugin/header/header][websquare.uiplugin.header.Header][36][5]
12/12 17:19:34.892 [http-nio-8080-exec-8/SEVERE] LoadingModule [uiplugin/nav/nav][websquare.uiplugin.nav.Nav][33][5]
12/12 17:19:34.893 [http-nio-8080-exec-8/SEVERE] LoadingModule [uiplugin/section/section][websquare.uiplugin.section.Section][37][5]
12/12 17:19:34.894 [http-nio-8080-exec-8/SEVERE] LoadingModule [uiplugin/video/video][websquare.uiplugin.video.Video][35][5]
12/12 17:19:34.896 [http-nio-8080-exec-8/SEVERE] LoadingModule [uiplugin/pageInherit/pageInherit][websquare.uiplugin.pageInherit.PageInherit][42304][5]
12/12 17:19:34.897 [http-nio-8080-exec-8/SEVERE] LoadingModule [uiplugin/layout/layout][websquare.uiplugin.layout.Layout][17780][5]
12/12 17:19:34.898 [http-nio-8080-exec-8/SEVERE] LoadingModule [uiplugin/table/tableLayout][websquare.uiplugin.table.TableLayout][41][5]
12/12 17:19:34.899 [http-nio-8080-exec-8/SEVERE] LoadingModule [uiplugin/span/span][websquare.uiplugin.span.Span][9824][5]
12/12 17:19:34.900 [http-nio-8080-exec-8/SEVERE] LoadingModule [uiplugin/pivotTable/pivotTable][websquare.uiplugin.pivotTable.PivotTable][6628][5]
12/12 17:19:34.901 [http-nio-8080-exec-8/SEVERE] LoadingModule [uiplugin/fwFunnelChart/fwFunnelChart][websquare.uiplugin.fwFunnelChart.FwFunnelChart][11008][5]
12/12 17:19:34.903 [http-nio-8080-exec-8/SEVERE] LoadingModule [uiplugin/fwPyramidChart/fwPyramidChart][websquare.uiplugin.fwPyramidChart.FwPyramidChart][11012][5]
12/12 17:19:34.904 [http-nio-8080-exec-8/SEVERE] LoadingModule [uiplugin/fwSparkChart/fwSparkChart][websquare.uiplugin.fwSparkChart.FwSparkChart][10204][5]
12/12 17:19:34.906 [http-nio-8080-exec-8/SEVERE] LoadingModule [uiplugin/fwGaugeChart/fwGaugeChart][websquare.uiplugin.fwGaugeChart.FwGaugeChart][16100][5]
12/12 17:19:34.907 [http-nio-8080-exec-8/SEVERE] LoadingModule [uiplugin/fwGanttChart/fwGanttChart][websquare.uiplugin.fwGanttChart.FwGanttChart][10828][5]
12/12 17:19:34.908 [http-nio-8080-exec-8/SEVERE] LoadingModule [uiplugin/fwRealtimeChart/fwRealtimeChart][websquare.uiplugin.fwRealtimeChart.FwRealtimeChart][13952][5]
12/12 17:19:34.910 [http-nio-8080-exec-8/SEVERE] LoadingModule [uiplugin/fwBulletChart/fwBulletChart][websquare.uiplugin.fwBulletChart.FwBulletChart][6766][5]
12/12 17:19:34.911 [http-nio-8080-exec-8/SEVERE] LoadingModule [uiplugin/accordion/accordion][websquare.uiplugin.accordion.Accordion][12770][5]
12/12 17:19:34.913 [http-nio-8080-exec-8/SEVERE] LoadingModule [uiplugin/scheduleCalendar/scheduleCalendar][websquare.uiplugin.scheduleCalendar.ScheduleCalendar][19155][5]
12/12 17:19:34.914 [http-nio-8080-exec-8/SEVERE] LoadingModule [uiplugin/progressbar/progressbar][websquare.uiplugin.progressbar.Progressbar][4954][5]
12/12 17:19:34.916 [http-nio-8080-exec-8/SEVERE] LoadingModule [uiplugin/widgetContainer/widgetContainer][websquare.uiplugin.widgetContainer.WidgetContainer][40060][5]
12/12 17:19:34.917 [http-nio-8080-exec-8/SEVERE] LoadingModule [uiplugin/spinner/spinner][websquare.uiplugin.spinner.Spinner][21201][5]
12/12 17:19:34.918 [http-nio-8080-exec-8/SEVERE] LoadingModule [uiplugin/spinPicker/spinPicker][websquare.uiplugin.spinPicker.SpinPicker][9669][5]
12/12 17:19:34.920 [http-nio-8080-exec-8/SEVERE] LoadingModule [uiplugin/datePicker/datePicker][websquare.uiplugin.datePicker.DatePicker][8431][5]
12/12 17:19:34.921 [http-nio-8080-exec-8/SEVERE] LoadingModule [uiplugin/slider/slider][websquare.uiplugin.slider.Slider][27310][5]
12/12 17:19:34.926 [http-nio-8080-exec-8/SEVERE] LoadingModule [uiplugin/tabControl/tabControl][websquare.uiplugin.tabControl.TabControl][83784][5]
12/12 17:19:34.928 [http-nio-8080-exec-8/SEVERE] LoadingModule [uiplugin/searchbox/searchbox][websquare.uiplugin.searchbox.Searchbox][8840][5]
12/12 17:19:34.931 [http-nio-8080-exec-8/SEVERE] LoadingModule [uiplugin/fliptoggle/fliptoggle][websquare.uiplugin.fliptoggle.Fliptoggle][12115][5]
12/12 17:19:34.933 [http-nio-8080-exec-8/SEVERE] LoadingModule [uiplugin/pageControl/pageControl][websquare.uiplugin.pageControl.PageControl][10831][5]
12/12 17:19:34.934 [http-nio-8080-exec-8/SEVERE] LoadingModule [uiplugin/panelContainer/panelContainer][websquare.uiplugin.panelContainer.PanelContainer][8648][5]
12/12 17:19:34.935 [http-nio-8080-exec-8/SEVERE] LoadingModule [engine/initCSS][websquare.engine.InitCSS][6188][5]
12/12 17:19:35.438 [http-nio-8080-exec-4/SEVERE] LoadingModule [uiplugin/popup][websquare.uiplugin.popup.Popup][5052][5]
12/12 17:26:24.770 [http-nio-8080-exec-2/INFO] [WebSquareConfig.getStringValue] key[//wqDefiner/@value] value[] defaultValue[]
12/12 17:26:24.771 [http-nio-8080-exec-2/INFO] [WebSquareConfig.getStringValue] key[//upload/@support] value[] defaultValue[true]
12/12 17:26:24.772 [http-nio-8080-exec-2/INFO] [WebSquareConfig.getStringValue] key[/websquare/upload/maxUploadSize/@value] value[200000000] defaultValue[1048576]
12/12 17:26:24.774 [http-nio-8080-exec-2/INFO] [WebSquareConfig.getStringValue] key[//upload/encoding/@value] value[UTF-8] defaultValue[KSC5601]
12/12 17:26:24.776 [http-nio-8080-exec-2/INFO] [WebSquareConfig.getStringValue] key[//upload/baseDir/@value] value[/Users/yongsang/Development/workspace/java/kbiz-labor/runtime/websquare_home/upload] defaultValue[null]
12/12 17:26:24.777 [http-nio-8080-exec-2/INFO] [WebSquareConfig.getStringValue] key[//upload/folderName/@value] value[up] defaultValue[]
12/12 17:26:24.789 [http-nio-8080-exec-2/INFO] [WebSquareConfig.getStringValue] key[//engineType/@value] value[5] defaultValue[1]
12/12 17:26:24.833 [http-nio-8080-exec-2/INFO] [WebSquareConfig.getStringValue] key[//engineType/@baseFolder] value[] defaultValue[]
12/12 17:26:24.839 [http-nio-8080-exec-2/INFO] [WebSquareConfig.getStringValue] key[//engineType/@coverage] value[notsupport] defaultValue[notsupport]
12/12 17:26:24.843 [http-nio-8080-exec-2/SEVERE] LoadingModule [/bootloader][websquare.Bootloader][17984][5]
12/12 17:26:24.844 [http-nio-8080-exec-2/INFO] [WebSquareConfig.getStringValue] key[//engineType/@etag] value[support] defaultValue[support]
12/12 17:26:25.408 [http-nio-8080-exec-1/SEVERE] [FileValidator.initialize] ###################initialize FileValidator#####################
12/12 17:26:25.409 [http-nio-8080-exec-1/SEVERE] [FileValidator.initialize] FileValidator.pathInValidPattern     : [\w\W]*[.][\w\W]*|[\w\W]*[..][\w\W]*|[\w\W]*WEB-INF[\w\W]*
12/12 17:26:25.409 [http-nio-8080-exec-1/SEVERE] [FileValidator.initialize] FileValidator.fileNameInValidPattern : [\w\W]*[;][\w\W]*|[\w\W]*web.xml[\w\W]*
12/12 17:26:25.410 [http-nio-8080-exec-1/INFO] [WebSquareConfig.getStringValue] key[/websquare/i18n/xmlInfo/web2fileCacheImpl/@value] value[] defaultValue[websquare.i18n.impl.DefaultWeb2FileCacheImpl]
12/12 17:26:25.410 [http-nio-8080-exec-1/SEVERE] [Web2FileCache.initialize] ###################initialize Web2FileCache #####################
12/12 17:26:25.410 [http-nio-8080-exec-1/SEVERE] [Web2FileCache.initialize] web2fileCacheImpl  		: websquare.i18n.impl.DefaultWeb2FileCacheImpl
12/12 17:26:25.411 [http-nio-8080-exec-1/INFO] [WebSquareConfig.getStringValue] key[/websquare/i18n/xmlInfo/@baseDir] value[C:\SONOENC_TIBERO\workspace\sono-project\sono-ep-web\src\main\webapp\WEB-INF] defaultValue[]
12/12 17:26:25.412 [http-nio-8080-exec-1/INFO] [WebSquareConfig.getStringValue] key[/websquare/i18n/xmlInfo/@baseUrl] value[] defaultValue[url]
12/12 17:26:25.412 [http-nio-8080-exec-1/INFO] [WebSquareConfig.getStringValue] key[/websquare/i18n/xmlInfo/@cache] value[false] defaultValue[false]
12/12 17:26:25.412 [http-nio-8080-exec-1/INFO] [WebSquareConfig.getStringValue] key[/websquare/i18n/xmlInfo/@storageType] value[] defaultValue[0]
12/12 17:26:25.412 [http-nio-8080-exec-1/INFO] [WebSquareConfig.getStringValue] key[/websquare/i18n/xmlInfo/excludeList/@value] value[] defaultValue[]
12/12 17:26:25.412 [http-nio-8080-exec-1/SEVERE] [DefaultWeb2FileCacheImpl.initialize] ###################initialize DefaultWeb2FileCacheImpl #####################
12/12 17:26:25.412 [http-nio-8080-exec-1/SEVERE] [DefaultWeb2FileCacheImpl.initialize] baseDir            : C:\SONOENC_TIBERO\workspace\sono-project\sono-ep-web\src\main\webapp\WEB-INF
12/12 17:26:25.412 [http-nio-8080-exec-1/SEVERE] [DefaultWeb2FileCacheImpl.initialize] url  				: url
12/12 17:26:25.413 [http-nio-8080-exec-1/SEVERE] [DefaultWeb2FileCacheImpl.initialize] useCache        	: false
12/12 17:26:25.413 [http-nio-8080-exec-1/SEVERE] [DefaultWeb2FileCacheImpl.initialize] storageType  		: 0
12/12 17:26:25.413 [http-nio-8080-exec-1/INFO] [WebSquareConfig.getStringValue] key[/websquare/i18n/localeParam/@value] value[locale] defaultValue[locale]
12/12 17:26:25.414 [http-nio-8080-exec-1/INFO] [WebSquareConfig.getStringValue] key[/websquare/i18n/defaultLocale/domain[@name='localhost:8080']/@locale] value[] defaultValue[]
12/12 17:26:25.414 [http-nio-8080-exec-1/INFO] [WebSquareConfig.getStringValue] key[/websquare/i18n/defaultLocale/@value] value[ko] defaultValue[en]
12/12 17:26:25.415 [http-nio-8080-exec-1/INFO] [DefaultWeb2FileCacheImpl.getW2xPathFullFilePath] The file name is incorrect. Check the file name. 
fullFilePath : C:\SONOENC_TIBERO\workspace\sono-project\sono-ep-web\src\main\webapp\WEB-INF/ux/cf/CF00050000U.xml
CanonicalPath : /Users/yongsang/Development/workspace/java/kbiz-labor/C:\SONOENC_TIBERO\workspace\sono-project\sono-ep-web\src\main\webapp\WEB-INF/ux/cf/CF00050000U.xml
12/12 17:26:25.415 [http-nio-8080-exec-1/INFO] [DefaultWeb2FileImpl.getXML] w2xPath File 이름이 입력되지 않았습니다. 파일이름을 확인하세요
12/12 17:27:32.059 [http-nio-8080-exec-4/INFO] [DefaultWeb2FileCacheImpl.getW2xPathFullFilePath] The file name is incorrect. Check the file name. 
fullFilePath : C:\SONOENC_TIBERO\workspace\sono-project\sono-ep-web\src\main\webapp\WEB-INF/ux/cf/CF00050000U.xml
CanonicalPath : /Users/yongsang/Development/workspace/java/kbiz-labor/C:\SONOENC_TIBERO\workspace\sono-project\sono-ep-web\src\main\webapp\WEB-INF/ux/cf/CF00050000U.xml
12/12 17:27:32.059 [http-nio-8080-exec-4/INFO] [DefaultWeb2FileImpl.getXML] w2xPath File 이름이 입력되지 않았습니다. 파일이름을 확인하세요
12/12 17:27:43.684 [http-nio-8080-exec-2/INFO] [WebSquareConfig.getStringValue] key[//wqDefiner/@value] value[] defaultValue[]
12/12 17:27:43.686 [http-nio-8080-exec-2/INFO] [WebSquareConfig.getStringValue] key[//upload/@support] value[] defaultValue[true]
12/12 17:27:43.687 [http-nio-8080-exec-2/INFO] [WebSquareConfig.getStringValue] key[/websquare/upload/maxUploadSize/@value] value[200000000] defaultValue[1048576]
12/12 17:27:43.689 [http-nio-8080-exec-2/INFO] [WebSquareConfig.getStringValue] key[//upload/encoding/@value] value[UTF-8] defaultValue[KSC5601]
12/12 17:27:43.690 [http-nio-8080-exec-2/INFO] [WebSquareConfig.getStringValue] key[//upload/baseDir/@value] value[/Users/yongsang/Development/workspace/java/kbiz-labor/runtime/websquare_home/upload] defaultValue[null]
12/12 17:27:43.691 [http-nio-8080-exec-2/INFO] [WebSquareConfig.getStringValue] key[//upload/folderName/@value] value[up] defaultValue[]
12/12 17:27:43.705 [http-nio-8080-exec-2/INFO] [WebSquareConfig.getStringValue] key[//engineType/@value] value[5] defaultValue[1]
12/12 17:27:43.744 [http-nio-8080-exec-2/INFO] [WebSquareConfig.getStringValue] key[//engineType/@baseFolder] value[] defaultValue[]
12/12 17:27:43.750 [http-nio-8080-exec-2/INFO] [WebSquareConfig.getStringValue] key[//engineType/@coverage] value[notsupport] defaultValue[notsupport]
12/12 17:27:43.754 [http-nio-8080-exec-2/SEVERE] LoadingModule [/bootloader][websquare.Bootloader][17984][5]
12/12 17:27:43.755 [http-nio-8080-exec-2/INFO] [WebSquareConfig.getStringValue] key[//engineType/@etag] value[support] defaultValue[support]
12/12 17:27:57.450 [http-nio-8080-exec-1/SEVERE] [FileValidator.initialize] ###################initialize FileValidator#####################
12/12 17:27:57.452 [http-nio-8080-exec-1/SEVERE] [FileValidator.initialize] FileValidator.pathInValidPattern     : [\w\W]*[.][\w\W]*|[\w\W]*[..][\w\W]*|[\w\W]*WEB-INF[\w\W]*
12/12 17:27:57.452 [http-nio-8080-exec-1/SEVERE] [FileValidator.initialize] FileValidator.fileNameInValidPattern : [\w\W]*[;][\w\W]*|[\w\W]*web.xml[\w\W]*
12/12 17:27:57.453 [http-nio-8080-exec-1/INFO] [WebSquareConfig.getStringValue] key[/websquare/i18n/xmlInfo/web2fileCacheImpl/@value] value[] defaultValue[websquare.i18n.impl.DefaultWeb2FileCacheImpl]
12/12 17:27:57.453 [http-nio-8080-exec-1/SEVERE] [Web2FileCache.initialize] ###################initialize Web2FileCache #####################
12/12 17:27:57.453 [http-nio-8080-exec-1/SEVERE] [Web2FileCache.initialize] web2fileCacheImpl  		: websquare.i18n.impl.DefaultWeb2FileCacheImpl
12/12 17:27:57.454 [http-nio-8080-exec-1/INFO] [WebSquareConfig.getStringValue] key[/websquare/i18n/xmlInfo/@baseDir] value[C:\SONOENC_TIBERO\workspace\sono-project\sono-ep-web\src\main\webapp\WEB-INF] defaultValue[]
12/12 17:27:57.455 [http-nio-8080-exec-1/INFO] [WebSquareConfig.getStringValue] key[/websquare/i18n/xmlInfo/@baseUrl] value[] defaultValue[url]
12/12 17:27:57.455 [http-nio-8080-exec-1/INFO] [WebSquareConfig.getStringValue] key[/websquare/i18n/xmlInfo/@cache] value[false] defaultValue[false]
12/12 17:27:57.455 [http-nio-8080-exec-1/INFO] [WebSquareConfig.getStringValue] key[/websquare/i18n/xmlInfo/@storageType] value[] defaultValue[0]
12/12 17:27:57.456 [http-nio-8080-exec-1/INFO] [WebSquareConfig.getStringValue] key[/websquare/i18n/xmlInfo/excludeList/@value] value[] defaultValue[]
12/12 17:27:57.456 [http-nio-8080-exec-1/SEVERE] [DefaultWeb2FileCacheImpl.initialize] ###################initialize DefaultWeb2FileCacheImpl #####################
12/12 17:27:57.456 [http-nio-8080-exec-1/SEVERE] [DefaultWeb2FileCacheImpl.initialize] baseDir            : C:\SONOENC_TIBERO\workspace\sono-project\sono-ep-web\src\main\webapp\WEB-INF
12/12 17:27:57.456 [http-nio-8080-exec-1/SEVERE] [DefaultWeb2FileCacheImpl.initialize] url  				: url
12/12 17:27:57.456 [http-nio-8080-exec-1/SEVERE] [DefaultWeb2FileCacheImpl.initialize] useCache        	: false
12/12 17:27:57.456 [http-nio-8080-exec-1/SEVERE] [DefaultWeb2FileCacheImpl.initialize] storageType  		: 0
12/12 17:27:57.457 [http-nio-8080-exec-1/INFO] [WebSquareConfig.getStringValue] key[/websquare/i18n/localeParam/@value] value[locale] defaultValue[locale]
12/12 17:27:57.459 [http-nio-8080-exec-1/INFO] [WebSquareConfig.getStringValue] key[/websquare/i18n/defaultLocale/domain[@name='localhost:8080']/@locale] value[] defaultValue[]
12/12 17:27:57.459 [http-nio-8080-exec-1/INFO] [WebSquareConfig.getStringValue] key[/websquare/i18n/defaultLocale/@value] value[ko] defaultValue[en]
12/12 17:27:57.459 [http-nio-8080-exec-1/INFO] [DefaultWeb2FileCacheImpl.getW2xPathFullFilePath] The file name is incorrect. Check the file name. 
fullFilePath : C:\SONOENC_TIBERO\workspace\sono-project\sono-ep-web\src\main\webapp\WEB-INF/ux/cf/CF00050000U.xml
CanonicalPath : /Users/yongsang/Development/workspace/java/kbiz-labor/C:\SONOENC_TIBERO\workspace\sono-project\sono-ep-web\src\main\webapp\WEB-INF/ux/cf/CF00050000U.xml
12/12 17:27:57.459 [http-nio-8080-exec-1/INFO] [DefaultWeb2FileImpl.getXML] w2xPath File 이름이 입력되지 않았습니다. 파일이름을 확인하세요
12/12 17:29:28.529 [http-nio-8080-exec-4/INFO] [DefaultWeb2FileCacheImpl.getW2xPathFullFilePath] The file name is incorrect. Check the file name. 
fullFilePath : C:\SONOENC_TIBERO\workspace\sono-project\sono-ep-web\src\main\webapp\WEB-INF/ux/cf/CF00050000U.xml
CanonicalPath : /Users/yongsang/Development/workspace/java/kbiz-labor/C:\SONOENC_TIBERO\workspace\sono-project\sono-ep-web\src\main\webapp\WEB-INF/ux/cf/CF00050000U.xml
12/12 17:29:28.530 [http-nio-8080-exec-4/INFO] [DefaultWeb2FileImpl.getXML] w2xPath File 이름이 입력되지 않았습니다. 파일이름을 확인하세요
12/12 17:30:03.095 [http-nio-8080-exec-2/INFO] [WebSquareConfig.getStringValue] key[//wqDefiner/@value] value[] defaultValue[]
12/12 17:30:03.097 [http-nio-8080-exec-2/INFO] [WebSquareConfig.getStringValue] key[//upload/@support] value[] defaultValue[true]
12/12 17:30:03.098 [http-nio-8080-exec-2/INFO] [WebSquareConfig.getStringValue] key[/websquare/upload/maxUploadSize/@value] value[200000000] defaultValue[1048576]
12/12 17:30:03.100 [http-nio-8080-exec-2/INFO] [WebSquareConfig.getStringValue] key[//upload/encoding/@value] value[UTF-8] defaultValue[KSC5601]
12/12 17:30:03.101 [http-nio-8080-exec-2/INFO] [WebSquareConfig.getStringValue] key[//upload/baseDir/@value] value[/Users/yongsang/Development/workspace/java/kbiz-labor/runtime/websquare_home/upload] defaultValue[null]
12/12 17:30:03.102 [http-nio-8080-exec-2/INFO] [WebSquareConfig.getStringValue] key[//upload/folderName/@value] value[up] defaultValue[]
12/12 17:30:03.115 [http-nio-8080-exec-2/INFO] [WebSquareConfig.getStringValue] key[//engineType/@value] value[5] defaultValue[1]
12/12 17:30:03.156 [http-nio-8080-exec-2/INFO] [WebSquareConfig.getStringValue] key[//engineType/@baseFolder] value[] defaultValue[]
12/12 17:30:03.162 [http-nio-8080-exec-2/INFO] [WebSquareConfig.getStringValue] key[//engineType/@coverage] value[notsupport] defaultValue[notsupport]
12/12 17:30:03.166 [http-nio-8080-exec-2/SEVERE] LoadingModule [/bootloader][websquare.Bootloader][17984][5]
12/12 17:30:03.167 [http-nio-8080-exec-2/INFO] [WebSquareConfig.getStringValue] key[//engineType/@etag] value[support] defaultValue[support]
12/12 17:30:03.740 [http-nio-8080-exec-1/SEVERE] [FileValidator.initialize] ###################initialize FileValidator#####################
12/12 17:30:03.742 [http-nio-8080-exec-1/SEVERE] [FileValidator.initialize] FileValidator.pathInValidPattern     : [\w\W]*[.][\w\W]*|[\w\W]*[..][\w\W]*|[\w\W]*WEB-INF[\w\W]*
12/12 17:30:03.742 [http-nio-8080-exec-1/SEVERE] [FileValidator.initialize] FileValidator.fileNameInValidPattern : [\w\W]*[;][\w\W]*|[\w\W]*web.xml[\w\W]*
12/12 17:30:03.743 [http-nio-8080-exec-1/INFO] [WebSquareConfig.getStringValue] key[/websquare/i18n/xmlInfo/web2fileCacheImpl/@value] value[] defaultValue[websquare.i18n.impl.DefaultWeb2FileCacheImpl]
12/12 17:30:03.743 [http-nio-8080-exec-1/SEVERE] [Web2FileCache.initialize] ###################initialize Web2FileCache #####################
12/12 17:30:03.743 [http-nio-8080-exec-1/SEVERE] [Web2FileCache.initialize] web2fileCacheImpl  		: websquare.i18n.impl.DefaultWeb2FileCacheImpl
12/12 17:30:03.745 [http-nio-8080-exec-1/INFO] [WebSquareConfig.getStringValue] key[/websquare/i18n/xmlInfo/@baseDir] value[C:\SONOENC_TIBERO\workspace\sono-project\sono-ep-web\src\main\webapp\WEB-INF] defaultValue[]
12/12 17:30:03.745 [http-nio-8080-exec-1/INFO] [WebSquareConfig.getStringValue] key[/websquare/i18n/xmlInfo/@baseUrl] value[] defaultValue[url]
12/12 17:30:03.746 [http-nio-8080-exec-1/INFO] [WebSquareConfig.getStringValue] key[/websquare/i18n/xmlInfo/@cache] value[false] defaultValue[false]
12/12 17:30:03.746 [http-nio-8080-exec-1/INFO] [WebSquareConfig.getStringValue] key[/websquare/i18n/xmlInfo/@storageType] value[] defaultValue[0]
12/12 17:30:03.747 [http-nio-8080-exec-1/INFO] [WebSquareConfig.getStringValue] key[/websquare/i18n/xmlInfo/excludeList/@value] value[] defaultValue[]
12/12 17:30:03.747 [http-nio-8080-exec-1/SEVERE] [DefaultWeb2FileCacheImpl.initialize] ###################initialize DefaultWeb2FileCacheImpl #####################
12/12 17:30:03.747 [http-nio-8080-exec-1/SEVERE] [DefaultWeb2FileCacheImpl.initialize] baseDir            : C:\SONOENC_TIBERO\workspace\sono-project\sono-ep-web\src\main\webapp\WEB-INF
12/12 17:30:03.747 [http-nio-8080-exec-1/SEVERE] [DefaultWeb2FileCacheImpl.initialize] url  				: url
12/12 17:30:03.747 [http-nio-8080-exec-1/SEVERE] [DefaultWeb2FileCacheImpl.initialize] useCache        	: false
12/12 17:30:03.747 [http-nio-8080-exec-1/SEVERE] [DefaultWeb2FileCacheImpl.initialize] storageType  		: 0
12/12 17:30:03.748 [http-nio-8080-exec-1/INFO] [WebSquareConfig.getStringValue] key[/websquare/i18n/localeParam/@value] value[locale] defaultValue[locale]
12/12 17:30:03.750 [http-nio-8080-exec-1/INFO] [WebSquareConfig.getStringValue] key[/websquare/i18n/defaultLocale/domain[@name='localhost:8080']/@locale] value[] defaultValue[]
12/12 17:30:03.751 [http-nio-8080-exec-1/INFO] [WebSquareConfig.getStringValue] key[/websquare/i18n/defaultLocale/@value] value[ko] defaultValue[en]
12/12 17:30:03.751 [http-nio-8080-exec-1/INFO] [DefaultWeb2FileCacheImpl.getW2xPathFullFilePath] The file name is incorrect. Check the file name. 
fullFilePath : C:\SONOENC_TIBERO\workspace\sono-project\sono-ep-web\src\main\webapp\WEB-INF/ux/cf/CF00050000U.xml
CanonicalPath : /Users/yongsang/Development/workspace/java/kbiz-labor/C:\SONOENC_TIBERO\workspace\sono-project\sono-ep-web\src\main\webapp\WEB-INF/ux/cf/CF00050000U.xml
12/12 17:30:03.751 [http-nio-8080-exec-1/INFO] [DefaultWeb2FileImpl.getXML] w2xPath File 이름이 입력되지 않았습니다. 파일이름을 확인하세요
12/12 17:38:01.246 [http-nio-8080-exec-2/INFO] [WebSquareConfig.getStringValue] key[//wqDefiner/@value] value[] defaultValue[]
12/12 17:38:01.248 [http-nio-8080-exec-2/INFO] [WebSquareConfig.getStringValue] key[//upload/@support] value[] defaultValue[true]
12/12 17:38:01.249 [http-nio-8080-exec-2/INFO] [WebSquareConfig.getStringValue] key[/websquare/upload/maxUploadSize/@value] value[200000000] defaultValue[1048576]
12/12 17:38:01.251 [http-nio-8080-exec-2/INFO] [WebSquareConfig.getStringValue] key[//upload/encoding/@value] value[UTF-8] defaultValue[KSC5601]
12/12 17:38:01.253 [http-nio-8080-exec-2/INFO] [WebSquareConfig.getStringValue] key[//upload/baseDir/@value] value[/Users/yongsang/Development/workspace/java/kbiz-labor/runtime/websquare_home/upload] defaultValue[null]
12/12 17:38:01.254 [http-nio-8080-exec-2/INFO] [WebSquareConfig.getStringValue] key[//upload/folderName/@value] value[up] defaultValue[]
12/12 17:38:01.267 [http-nio-8080-exec-2/INFO] [WebSquareConfig.getStringValue] key[//engineType/@value] value[5] defaultValue[1]
12/12 17:38:01.311 [http-nio-8080-exec-2/INFO] [WebSquareConfig.getStringValue] key[//engineType/@baseFolder] value[] defaultValue[]
12/12 17:38:01.318 [http-nio-8080-exec-2/INFO] [WebSquareConfig.getStringValue] key[//engineType/@coverage] value[notsupport] defaultValue[notsupport]
12/12 17:38:01.322 [http-nio-8080-exec-2/SEVERE] LoadingModule [/bootloader][websquare.Bootloader][17984][5]
12/12 17:38:01.323 [http-nio-8080-exec-2/INFO] [WebSquareConfig.getStringValue] key[//engineType/@etag] value[support] defaultValue[support]
12/12 17:38:02.019 [http-nio-8080-exec-1/SEVERE] [FileValidator.initialize] ###################initialize FileValidator#####################
12/12 17:38:02.020 [http-nio-8080-exec-1/SEVERE] [FileValidator.initialize] FileValidator.pathInValidPattern     : [\w\W]*[.][\w\W]*|[\w\W]*[..][\w\W]*|[\w\W]*WEB-INF[\w\W]*
12/12 17:38:02.020 [http-nio-8080-exec-1/SEVERE] [FileValidator.initialize] FileValidator.fileNameInValidPattern : [\w\W]*[;][\w\W]*|[\w\W]*web.xml[\w\W]*
12/12 17:38:02.021 [http-nio-8080-exec-1/INFO] [WebSquareConfig.getStringValue] key[/websquare/i18n/xmlInfo/web2fileCacheImpl/@value] value[] defaultValue[websquare.i18n.impl.DefaultWeb2FileCacheImpl]
12/12 17:38:02.021 [http-nio-8080-exec-1/SEVERE] [Web2FileCache.initialize] ###################initialize Web2FileCache #####################
12/12 17:38:02.022 [http-nio-8080-exec-1/SEVERE] [Web2FileCache.initialize] web2fileCacheImpl  		: websquare.i18n.impl.DefaultWeb2FileCacheImpl
12/12 17:38:02.023 [http-nio-8080-exec-1/INFO] [WebSquareConfig.getStringValue] key[/websquare/i18n/xmlInfo/@baseDir] value[C:\SONOENC_TIBERO\workspace\sono-project\sono-ep-web\src\main\webapp\WEB-INF] defaultValue[]
12/12 17:38:02.024 [http-nio-8080-exec-1/INFO] [WebSquareConfig.getStringValue] key[/websquare/i18n/xmlInfo/@baseUrl] value[] defaultValue[url]
12/12 17:38:02.024 [http-nio-8080-exec-1/INFO] [WebSquareConfig.getStringValue] key[/websquare/i18n/xmlInfo/@cache] value[false] defaultValue[false]
12/12 17:38:02.024 [http-nio-8080-exec-1/INFO] [WebSquareConfig.getStringValue] key[/websquare/i18n/xmlInfo/@storageType] value[] defaultValue[0]
12/12 17:38:02.025 [http-nio-8080-exec-1/INFO] [WebSquareConfig.getStringValue] key[/websquare/i18n/xmlInfo/excludeList/@value] value[] defaultValue[]
12/12 17:38:02.025 [http-nio-8080-exec-1/SEVERE] [DefaultWeb2FileCacheImpl.initialize] ###################initialize DefaultWeb2FileCacheImpl #####################
12/12 17:38:02.025 [http-nio-8080-exec-1/SEVERE] [DefaultWeb2FileCacheImpl.initialize] baseDir            : C:\SONOENC_TIBERO\workspace\sono-project\sono-ep-web\src\main\webapp\WEB-INF
12/12 17:38:02.025 [http-nio-8080-exec-1/SEVERE] [DefaultWeb2FileCacheImpl.initialize] url  				: url
12/12 17:38:02.025 [http-nio-8080-exec-1/SEVERE] [DefaultWeb2FileCacheImpl.initialize] useCache        	: false
12/12 17:38:02.025 [http-nio-8080-exec-1/SEVERE] [DefaultWeb2FileCacheImpl.initialize] storageType  		: 0
12/12 17:38:02.026 [http-nio-8080-exec-1/INFO] [WebSquareConfig.getStringValue] key[/websquare/i18n/localeParam/@value] value[locale] defaultValue[locale]
12/12 17:38:02.028 [http-nio-8080-exec-1/INFO] [WebSquareConfig.getStringValue] key[/websquare/i18n/defaultLocale/domain[@name='localhost:8080']/@locale] value[] defaultValue[]
12/12 17:38:02.029 [http-nio-8080-exec-1/INFO] [WebSquareConfig.getStringValue] key[/websquare/i18n/defaultLocale/@value] value[ko] defaultValue[en]
12/12 17:38:02.029 [http-nio-8080-exec-1/INFO] [DefaultWeb2FileCacheImpl.getW2xPathFullFilePath] The file name is incorrect. Check the file name. 
fullFilePath : C:\SONOENC_TIBERO\workspace\sono-project\sono-ep-web\src\main\webapp\WEB-INF/ux/cf/CF00050000U.xml
CanonicalPath : /Users/yongsang/Development/workspace/java/kbiz-labor/C:\SONOENC_TIBERO\workspace\sono-project\sono-ep-web\src\main\webapp\WEB-INF/ux/cf/CF00050000U.xml
12/12 17:38:02.029 [http-nio-8080-exec-1/INFO] [DefaultWeb2FileImpl.getXML] w2xPath File 이름이 입력되지 않았습니다. 파일이름을 확인하세요
12/12 17:39:08.073 [http-nio-8080-exec-5/INFO] [WebSquareConfig.getStringValue] key[//wqDefiner/@value] value[] defaultValue[]
12/12 17:39:08.074 [http-nio-8080-exec-5/INFO] [WebSquareConfig.getStringValue] key[//upload/@support] value[] defaultValue[true]
12/12 17:39:08.075 [http-nio-8080-exec-5/INFO] [WebSquareConfig.getStringValue] key[/websquare/upload/maxUploadSize/@value] value[200000000] defaultValue[1048576]
12/12 17:39:08.077 [http-nio-8080-exec-5/INFO] [WebSquareConfig.getStringValue] key[//upload/encoding/@value] value[UTF-8] defaultValue[KSC5601]
12/12 17:39:08.078 [http-nio-8080-exec-5/INFO] [WebSquareConfig.getStringValue] key[//upload/baseDir/@value] value[/Users/yongsang/Development/workspace/java/kbiz-labor/runtime/websquare_home/upload] defaultValue[null]
12/12 17:39:08.079 [http-nio-8080-exec-5/INFO] [WebSquareConfig.getStringValue] key[//upload/folderName/@value] value[up] defaultValue[]
12/12 17:39:08.090 [http-nio-8080-exec-5/INFO] [WebSquareConfig.getStringValue] key[//engineType/@value] value[5] defaultValue[1]
12/12 17:39:08.128 [http-nio-8080-exec-5/INFO] [WebSquareConfig.getStringValue] key[//engineType/@baseFolder] value[] defaultValue[]
12/12 17:39:08.134 [http-nio-8080-exec-5/INFO] [WebSquareConfig.getStringValue] key[//engineType/@coverage] value[notsupport] defaultValue[notsupport]
12/12 17:39:08.139 [http-nio-8080-exec-5/SEVERE] LoadingModule [/bootloader][websquare.Bootloader][17984][5]
12/12 17:39:08.139 [http-nio-8080-exec-5/INFO] [WebSquareConfig.getStringValue] key[//engineType/@etag] value[support] defaultValue[support]
12/12 17:39:08.835 [http-nio-8080-exec-4/SEVERE] [FileValidator.initialize] ###################initialize FileValidator#####################
12/12 17:39:08.837 [http-nio-8080-exec-4/SEVERE] [FileValidator.initialize] FileValidator.pathInValidPattern     : [\w\W]*[.][\w\W]*|[\w\W]*[..][\w\W]*|[\w\W]*WEB-INF[\w\W]*
12/12 17:39:08.837 [http-nio-8080-exec-4/SEVERE] [FileValidator.initialize] FileValidator.fileNameInValidPattern : [\w\W]*[;][\w\W]*|[\w\W]*web.xml[\w\W]*
12/12 17:39:08.838 [http-nio-8080-exec-4/INFO] [WebSquareConfig.getStringValue] key[/websquare/i18n/xmlInfo/web2fileCacheImpl/@value] value[] defaultValue[websquare.i18n.impl.DefaultWeb2FileCacheImpl]
12/12 17:39:08.838 [http-nio-8080-exec-4/SEVERE] [Web2FileCache.initialize] ###################initialize Web2FileCache #####################
12/12 17:39:08.838 [http-nio-8080-exec-4/SEVERE] [Web2FileCache.initialize] web2fileCacheImpl  		: websquare.i18n.impl.DefaultWeb2FileCacheImpl
12/12 17:39:08.839 [http-nio-8080-exec-4/INFO] [WebSquareConfig.getStringValue] key[/websquare/i18n/xmlInfo/@baseDir] value[C:\SONOENC_TIBERO\workspace\sono-project\sono-ep-web\src\main\webapp\WEB-INF] defaultValue[]
12/12 17:39:08.840 [http-nio-8080-exec-4/INFO] [WebSquareConfig.getStringValue] key[/websquare/i18n/xmlInfo/@baseUrl] value[] defaultValue[url]
12/12 17:39:08.840 [http-nio-8080-exec-4/INFO] [WebSquareConfig.getStringValue] key[/websquare/i18n/xmlInfo/@cache] value[false] defaultValue[false]
12/12 17:39:08.841 [http-nio-8080-exec-4/INFO] [WebSquareConfig.getStringValue] key[/websquare/i18n/xmlInfo/@storageType] value[] defaultValue[0]
12/12 17:39:08.841 [http-nio-8080-exec-4/INFO] [WebSquareConfig.getStringValue] key[/websquare/i18n/xmlInfo/excludeList/@value] value[] defaultValue[]
12/12 17:39:08.841 [http-nio-8080-exec-4/SEVERE] [DefaultWeb2FileCacheImpl.initialize] ###################initialize DefaultWeb2FileCacheImpl #####################
12/12 17:39:08.841 [http-nio-8080-exec-4/SEVERE] [DefaultWeb2FileCacheImpl.initialize] baseDir            : C:\SONOENC_TIBERO\workspace\sono-project\sono-ep-web\src\main\webapp\WEB-INF
12/12 17:39:08.841 [http-nio-8080-exec-4/SEVERE] [DefaultWeb2FileCacheImpl.initialize] url  				: url
12/12 17:39:08.841 [http-nio-8080-exec-4/SEVERE] [DefaultWeb2FileCacheImpl.initialize] useCache        	: false
12/12 17:39:08.841 [http-nio-8080-exec-4/SEVERE] [DefaultWeb2FileCacheImpl.initialize] storageType  		: 0
12/12 17:39:08.842 [http-nio-8080-exec-4/INFO] [WebSquareConfig.getStringValue] key[/websquare/i18n/localeParam/@value] value[locale] defaultValue[locale]
12/12 17:39:08.843 [http-nio-8080-exec-4/INFO] [WebSquareConfig.getStringValue] key[/websquare/i18n/defaultLocale/domain[@name='localhost:8080']/@locale] value[] defaultValue[]
12/12 17:39:08.844 [http-nio-8080-exec-4/INFO] [WebSquareConfig.getStringValue] key[/websquare/i18n/defaultLocale/@value] value[ko] defaultValue[en]
12/12 17:39:08.844 [http-nio-8080-exec-4/INFO] [DefaultWeb2FileCacheImpl.getW2xPathFullFilePath] The file name is incorrect. Check the file name. 
fullFilePath : C:\SONOENC_TIBERO\workspace\sono-project\sono-ep-web\src\main\webapp\WEB-INF/ux/cf/CF00050000U.xml
CanonicalPath : /Users/yongsang/Development/workspace/java/kbiz-labor/C:\SONOENC_TIBERO\workspace\sono-project\sono-ep-web\src\main\webapp\WEB-INF/ux/cf/CF00050000U.xml
12/12 17:39:08.844 [http-nio-8080-exec-4/INFO] [DefaultWeb2FileImpl.getXML] w2xPath File 이름이 입력되지 않았습니다. 파일이름을 확인하세요
12/12 17:46:12.637 [http-nio-8080-exec-2/INFO] [WebSquareConfig.getStringValue] key[//wqDefiner/@value] value[] defaultValue[]
12/12 17:46:12.638 [http-nio-8080-exec-2/INFO] [WebSquareConfig.getStringValue] key[//upload/@support] value[] defaultValue[true]
12/12 17:46:12.639 [http-nio-8080-exec-2/INFO] [WebSquareConfig.getStringValue] key[/websquare/upload/maxUploadSize/@value] value[200000000] defaultValue[1048576]
12/12 17:46:12.640 [http-nio-8080-exec-2/INFO] [WebSquareConfig.getStringValue] key[//upload/encoding/@value] value[UTF-8] defaultValue[KSC5601]
12/12 17:46:12.642 [http-nio-8080-exec-2/INFO] [WebSquareConfig.getStringValue] key[//upload/baseDir/@value] value[/Users/yongsang/Development/workspace/java/kbiz-labor/runtime/websquare_home/upload] defaultValue[null]
12/12 17:46:12.643 [http-nio-8080-exec-2/INFO] [WebSquareConfig.getStringValue] key[//upload/folderName/@value] value[up] defaultValue[]
12/12 17:46:12.655 [http-nio-8080-exec-2/INFO] [WebSquareConfig.getStringValue] key[//engineType/@value] value[5] defaultValue[1]
12/12 17:46:12.694 [http-nio-8080-exec-2/INFO] [WebSquareConfig.getStringValue] key[//engineType/@baseFolder] value[] defaultValue[]
12/12 17:46:12.699 [http-nio-8080-exec-2/INFO] [WebSquareConfig.getStringValue] key[//engineType/@coverage] value[notsupport] defaultValue[notsupport]
12/12 17:46:12.703 [http-nio-8080-exec-2/SEVERE] LoadingModule [/bootloader][websquare.Bootloader][17984][5]
12/12 17:46:12.703 [http-nio-8080-exec-2/INFO] [WebSquareConfig.getStringValue] key[//engineType/@etag] value[support] defaultValue[support]
12/12 17:46:13.296 [http-nio-8080-exec-1/SEVERE] [FileValidator.initialize] ###################initialize FileValidator#####################
12/12 17:46:13.297 [http-nio-8080-exec-1/SEVERE] [FileValidator.initialize] FileValidator.pathInValidPattern     : [\w\W]*[.][\w\W]*|[\w\W]*[..][\w\W]*|[\w\W]*WEB-INF[\w\W]*
12/12 17:46:13.297 [http-nio-8080-exec-1/SEVERE] [FileValidator.initialize] FileValidator.fileNameInValidPattern : [\w\W]*[;][\w\W]*|[\w\W]*web.xml[\w\W]*
12/12 17:46:13.298 [http-nio-8080-exec-1/INFO] [WebSquareConfig.getStringValue] key[/websquare/i18n/xmlInfo/web2fileCacheImpl/@value] value[] defaultValue[websquare.i18n.impl.DefaultWeb2FileCacheImpl]
12/12 17:46:13.298 [http-nio-8080-exec-1/SEVERE] [Web2FileCache.initialize] ###################initialize Web2FileCache #####################
12/12 17:46:13.298 [http-nio-8080-exec-1/SEVERE] [Web2FileCache.initialize] web2fileCacheImpl  		: websquare.i18n.impl.DefaultWeb2FileCacheImpl
12/12 17:46:13.299 [http-nio-8080-exec-1/INFO] [WebSquareConfig.getStringValue] key[/websquare/i18n/xmlInfo/@baseDir] value[/Users/yongsang/Development/workspace/java/kbiz-labor/src/main/webapp] defaultValue[]
12/12 17:46:13.300 [http-nio-8080-exec-1/INFO] [WebSquareConfig.getStringValue] key[/websquare/i18n/xmlInfo/@baseUrl] value[] defaultValue[url]
12/12 17:46:13.300 [http-nio-8080-exec-1/INFO] [WebSquareConfig.getStringValue] key[/websquare/i18n/xmlInfo/@cache] value[false] defaultValue[false]
12/12 17:46:13.301 [http-nio-8080-exec-1/INFO] [WebSquareConfig.getStringValue] key[/websquare/i18n/xmlInfo/@storageType] value[] defaultValue[0]
12/12 17:46:13.301 [http-nio-8080-exec-1/INFO] [WebSquareConfig.getStringValue] key[/websquare/i18n/xmlInfo/excludeList/@value] value[] defaultValue[]
12/12 17:46:13.301 [http-nio-8080-exec-1/SEVERE] [DefaultWeb2FileCacheImpl.initialize] ###################initialize DefaultWeb2FileCacheImpl #####################
12/12 17:46:13.301 [http-nio-8080-exec-1/SEVERE] [DefaultWeb2FileCacheImpl.initialize] baseDir            : /Users/yongsang/Development/workspace/java/kbiz-labor/src/main/webapp
12/12 17:46:13.302 [http-nio-8080-exec-1/SEVERE] [DefaultWeb2FileCacheImpl.initialize] url  				: url
12/12 17:46:13.302 [http-nio-8080-exec-1/SEVERE] [DefaultWeb2FileCacheImpl.initialize] useCache        	: false
12/12 17:46:13.302 [http-nio-8080-exec-1/SEVERE] [DefaultWeb2FileCacheImpl.initialize] storageType  		: 0
12/12 17:46:13.302 [http-nio-8080-exec-1/INFO] [WebSquareConfig.getStringValue] key[/websquare/i18n/localeParam/@value] value[locale] defaultValue[locale]
12/12 17:46:13.304 [http-nio-8080-exec-1/INFO] [WebSquareConfig.getStringValue] key[/websquare/i18n/defaultLocale/domain[@name='localhost:8080']/@locale] value[] defaultValue[]
12/12 17:46:13.304 [http-nio-8080-exec-1/INFO] [WebSquareConfig.getStringValue] key[/websquare/i18n/defaultLocale/@value] value[ko] defaultValue[en]
12/12 17:46:59.446 [http-nio-8080-exec-2/INFO] [WebSquareConfig.getStringValue] key[//wqDefiner/@value] value[] defaultValue[]
12/12 17:46:59.447 [http-nio-8080-exec-2/INFO] [WebSquareConfig.getStringValue] key[//upload/@support] value[] defaultValue[true]
12/12 17:46:59.448 [http-nio-8080-exec-2/INFO] [WebSquareConfig.getStringValue] key[/websquare/upload/maxUploadSize/@value] value[200000000] defaultValue[1048576]
12/12 17:46:59.450 [http-nio-8080-exec-2/INFO] [WebSquareConfig.getStringValue] key[//upload/encoding/@value] value[UTF-8] defaultValue[KSC5601]
12/12 17:46:59.452 [http-nio-8080-exec-2/INFO] [WebSquareConfig.getStringValue] key[//upload/baseDir/@value] value[/Users/yongsang/Development/workspace/java/kbiz-labor/runtime/websquare_home/upload] defaultValue[null]
12/12 17:46:59.453 [http-nio-8080-exec-2/INFO] [WebSquareConfig.getStringValue] key[//upload/folderName/@value] value[up] defaultValue[]
12/12 17:46:59.466 [http-nio-8080-exec-2/INFO] [WebSquareConfig.getStringValue] key[//engineType/@value] value[5] defaultValue[1]
12/12 17:46:59.511 [http-nio-8080-exec-2/INFO] [WebSquareConfig.getStringValue] key[//engineType/@baseFolder] value[] defaultValue[]
12/12 17:46:59.518 [http-nio-8080-exec-2/INFO] [WebSquareConfig.getStringValue] key[//engineType/@coverage] value[notsupport] defaultValue[notsupport]
12/12 17:46:59.522 [http-nio-8080-exec-2/SEVERE] LoadingModule [/bootloader][websquare.Bootloader][17984][5]
12/12 17:46:59.523 [http-nio-8080-exec-2/INFO] [WebSquareConfig.getStringValue] key[//engineType/@etag] value[support] defaultValue[support]
12/12 17:47:00.234 [http-nio-8080-exec-1/SEVERE] [FileValidator.initialize] ###################initialize FileValidator#####################
12/12 17:47:00.234 [http-nio-8080-exec-1/SEVERE] [FileValidator.initialize] FileValidator.pathInValidPattern     : [\w\W]*[.][\w\W]*|[\w\W]*[..][\w\W]*|[\w\W]*WEB-INF[\w\W]*
12/12 17:47:00.235 [http-nio-8080-exec-1/SEVERE] [FileValidator.initialize] FileValidator.fileNameInValidPattern : [\w\W]*[;][\w\W]*|[\w\W]*web.xml[\w\W]*
12/12 17:47:00.235 [http-nio-8080-exec-1/INFO] [WebSquareConfig.getStringValue] key[/websquare/i18n/xmlInfo/web2fileCacheImpl/@value] value[] defaultValue[websquare.i18n.impl.DefaultWeb2FileCacheImpl]
12/12 17:47:00.235 [http-nio-8080-exec-1/SEVERE] [Web2FileCache.initialize] ###################initialize Web2FileCache #####################
12/12 17:47:00.236 [http-nio-8080-exec-1/SEVERE] [Web2FileCache.initialize] web2fileCacheImpl  		: websquare.i18n.impl.DefaultWeb2FileCacheImpl
12/12 17:47:00.237 [http-nio-8080-exec-1/INFO] [WebSquareConfig.getStringValue] key[/websquare/i18n/xmlInfo/@baseDir] value[/Users/yongsang/Development/workspace/java/kbiz-labor/src/main/webapp] defaultValue[]
12/12 17:47:00.237 [http-nio-8080-exec-1/INFO] [WebSquareConfig.getStringValue] key[/websquare/i18n/xmlInfo/@baseUrl] value[] defaultValue[url]
12/12 17:47:00.237 [http-nio-8080-exec-1/INFO] [WebSquareConfig.getStringValue] key[/websquare/i18n/xmlInfo/@cache] value[false] defaultValue[false]
12/12 17:47:00.238 [http-nio-8080-exec-1/INFO] [WebSquareConfig.getStringValue] key[/websquare/i18n/xmlInfo/@storageType] value[] defaultValue[0]
12/12 17:47:00.238 [http-nio-8080-exec-1/INFO] [WebSquareConfig.getStringValue] key[/websquare/i18n/xmlInfo/excludeList/@value] value[] defaultValue[]
12/12 17:47:00.238 [http-nio-8080-exec-1/SEVERE] [DefaultWeb2FileCacheImpl.initialize] ###################initialize DefaultWeb2FileCacheImpl #####################
12/12 17:47:00.238 [http-nio-8080-exec-1/SEVERE] [DefaultWeb2FileCacheImpl.initialize] baseDir            : /Users/yongsang/Development/workspace/java/kbiz-labor/src/main/webapp
12/12 17:47:00.238 [http-nio-8080-exec-1/SEVERE] [DefaultWeb2FileCacheImpl.initialize] url  				: url
12/12 17:47:00.238 [http-nio-8080-exec-1/SEVERE] [DefaultWeb2FileCacheImpl.initialize] useCache        	: false
12/12 17:47:00.238 [http-nio-8080-exec-1/SEVERE] [DefaultWeb2FileCacheImpl.initialize] storageType  		: 0
12/12 17:47:00.239 [http-nio-8080-exec-1/INFO] [WebSquareConfig.getStringValue] key[/websquare/i18n/localeParam/@value] value[locale] defaultValue[locale]
12/12 17:47:00.240 [http-nio-8080-exec-1/INFO] [WebSquareConfig.getStringValue] key[/websquare/i18n/defaultLocale/domain[@name='localhost:8080']/@locale] value[] defaultValue[]
12/12 17:47:00.241 [http-nio-8080-exec-1/INFO] [WebSquareConfig.getStringValue] key[/websquare/i18n/defaultLocale/@value] value[ko] defaultValue[en]
12/12 18:26:02.512 [http-nio-8080-exec-2/INFO] [WebSquareConfig.getStringValue] key[//wqDefiner/@value] value[] defaultValue[]
12/12 18:26:02.513 [http-nio-8080-exec-2/INFO] [WebSquareConfig.getStringValue] key[//upload/@support] value[] defaultValue[true]
12/12 18:26:02.514 [http-nio-8080-exec-2/INFO] [WebSquareConfig.getStringValue] key[/websquare/upload/maxUploadSize/@value] value[200000000] defaultValue[1048576]
12/12 18:26:02.516 [http-nio-8080-exec-2/INFO] [WebSquareConfig.getStringValue] key[//upload/encoding/@value] value[UTF-8] defaultValue[KSC5601]
12/12 18:26:02.518 [http-nio-8080-exec-2/INFO] [WebSquareConfig.getStringValue] key[//upload/baseDir/@value] value[/Users/yongsang/Development/workspace/java/kbiz-labor/runtime/websquare_home/upload] defaultValue[null]
12/12 18:26:02.519 [http-nio-8080-exec-2/INFO] [WebSquareConfig.getStringValue] key[//upload/folderName/@value] value[up] defaultValue[]
12/12 18:26:02.532 [http-nio-8080-exec-2/INFO] [WebSquareConfig.getStringValue] key[//engineType/@value] value[5] defaultValue[1]
12/12 18:26:02.579 [http-nio-8080-exec-2/INFO] [WebSquareConfig.getStringValue] key[//engineType/@baseFolder] value[] defaultValue[]
12/12 18:26:02.584 [http-nio-8080-exec-2/INFO] [WebSquareConfig.getStringValue] key[//engineType/@coverage] value[notsupport] defaultValue[notsupport]
12/12 18:26:02.589 [http-nio-8080-exec-2/SEVERE] LoadingModule [/bootloader][websquare.Bootloader][17984][5]
12/12 18:26:02.589 [http-nio-8080-exec-2/INFO] [WebSquareConfig.getStringValue] key[//engineType/@etag] value[support] defaultValue[support]
12/12 18:26:03.258 [http-nio-8080-exec-1/SEVERE] [FileValidator.initialize] ###################initialize FileValidator#####################
12/12 18:26:03.259 [http-nio-8080-exec-1/SEVERE] [FileValidator.initialize] FileValidator.pathInValidPattern     : [\w\W]*[.][\w\W]*|[\w\W]*[..][\w\W]*|[\w\W]*WEB-INF[\w\W]*
12/12 18:26:03.259 [http-nio-8080-exec-1/SEVERE] [FileValidator.initialize] FileValidator.fileNameInValidPattern : [\w\W]*[;][\w\W]*|[\w\W]*web.xml[\w\W]*
12/12 18:26:03.260 [http-nio-8080-exec-1/INFO] [WebSquareConfig.getStringValue] key[/websquare/i18n/xmlInfo/web2fileCacheImpl/@value] value[] defaultValue[websquare.i18n.impl.DefaultWeb2FileCacheImpl]
12/12 18:26:03.260 [http-nio-8080-exec-1/SEVERE] [Web2FileCache.initialize] ###################initialize Web2FileCache #####################
12/12 18:26:03.260 [http-nio-8080-exec-1/SEVERE] [Web2FileCache.initialize] web2fileCacheImpl  		: websquare.i18n.impl.DefaultWeb2FileCacheImpl
12/12 18:26:03.261 [http-nio-8080-exec-1/INFO] [WebSquareConfig.getStringValue] key[/websquare/i18n/xmlInfo/@baseDir] value[/Users/yongsang/Development/workspace/java/kbiz-labor/src/main/webapp] defaultValue[]
12/12 18:26:03.261 [http-nio-8080-exec-1/INFO] [WebSquareConfig.getStringValue] key[/websquare/i18n/xmlInfo/@baseUrl] value[] defaultValue[url]
12/12 18:26:03.262 [http-nio-8080-exec-1/INFO] [WebSquareConfig.getStringValue] key[/websquare/i18n/xmlInfo/@cache] value[false] defaultValue[false]
12/12 18:26:03.262 [http-nio-8080-exec-1/INFO] [WebSquareConfig.getStringValue] key[/websquare/i18n/xmlInfo/@storageType] value[] defaultValue[0]
12/12 18:26:03.262 [http-nio-8080-exec-1/INFO] [WebSquareConfig.getStringValue] key[/websquare/i18n/xmlInfo/excludeList/@value] value[] defaultValue[]
12/12 18:26:03.262 [http-nio-8080-exec-1/SEVERE] [DefaultWeb2FileCacheImpl.initialize] ###################initialize DefaultWeb2FileCacheImpl #####################
12/12 18:26:03.262 [http-nio-8080-exec-1/SEVERE] [DefaultWeb2FileCacheImpl.initialize] baseDir            : /Users/yongsang/Development/workspace/java/kbiz-labor/src/main/webapp
12/12 18:26:03.262 [http-nio-8080-exec-1/SEVERE] [DefaultWeb2FileCacheImpl.initialize] url  				: url
12/12 18:26:03.263 [http-nio-8080-exec-1/SEVERE] [DefaultWeb2FileCacheImpl.initialize] useCache        	: false
12/12 18:26:03.263 [http-nio-8080-exec-1/SEVERE] [DefaultWeb2FileCacheImpl.initialize] storageType  		: 0
12/12 18:26:03.263 [http-nio-8080-exec-1/INFO] [WebSquareConfig.getStringValue] key[/websquare/i18n/localeParam/@value] value[locale] defaultValue[locale]
12/12 18:26:03.264 [http-nio-8080-exec-1/INFO] [WebSquareConfig.getStringValue] key[/websquare/i18n/defaultLocale/domain[@name='localhost:8080']/@locale] value[] defaultValue[]
12/12 18:26:03.265 [http-nio-8080-exec-1/INFO] [WebSquareConfig.getStringValue] key[/websquare/i18n/defaultLocale/@value] value[ko] defaultValue[en]
12/12 18:26:47.185 [http-nio-8080-exec-2/INFO] [WebSquareConfig.getStringValue] key[//wqDefiner/@value] value[] defaultValue[]
12/12 18:26:47.187 [http-nio-8080-exec-2/INFO] [WebSquareConfig.getStringValue] key[//upload/@support] value[] defaultValue[true]
12/12 18:26:47.188 [http-nio-8080-exec-2/INFO] [WebSquareConfig.getStringValue] key[/websquare/upload/maxUploadSize/@value] value[200000000] defaultValue[1048576]
12/12 18:26:47.189 [http-nio-8080-exec-2/INFO] [WebSquareConfig.getStringValue] key[//upload/encoding/@value] value[UTF-8] defaultValue[KSC5601]
12/12 18:26:47.191 [http-nio-8080-exec-2/INFO] [WebSquareConfig.getStringValue] key[//upload/baseDir/@value] value[/Users/yongsang/Development/workspace/java/kbiz-labor/runtime/websquare_home/upload] defaultValue[null]
12/12 18:26:47.192 [http-nio-8080-exec-2/INFO] [WebSquareConfig.getStringValue] key[//upload/folderName/@value] value[up] defaultValue[]
12/12 18:26:47.204 [http-nio-8080-exec-2/INFO] [WebSquareConfig.getStringValue] key[//engineType/@value] value[5] defaultValue[1]
12/12 18:26:47.245 [http-nio-8080-exec-2/INFO] [WebSquareConfig.getStringValue] key[//engineType/@baseFolder] value[] defaultValue[]
12/12 18:26:47.249 [http-nio-8080-exec-2/INFO] [WebSquareConfig.getStringValue] key[//engineType/@coverage] value[notsupport] defaultValue[notsupport]
12/12 18:26:47.254 [http-nio-8080-exec-2/SEVERE] LoadingModule [/bootloader][websquare.Bootloader][17984][5]
12/12 18:26:47.254 [http-nio-8080-exec-2/INFO] [WebSquareConfig.getStringValue] key[//engineType/@etag] value[support] defaultValue[support]
12/12 18:26:58.838 [http-nio-8080-exec-5/SEVERE] [FileValidator.initialize] ###################initialize FileValidator#####################
12/12 18:26:58.839 [http-nio-8080-exec-5/SEVERE] [FileValidator.initialize] FileValidator.pathInValidPattern     : [\w\W]*[.][\w\W]*|[\w\W]*[..][\w\W]*|[\w\W]*WEB-INF[\w\W]*
12/12 18:26:58.839 [http-nio-8080-exec-5/SEVERE] [FileValidator.initialize] FileValidator.fileNameInValidPattern : [\w\W]*[;][\w\W]*|[\w\W]*web.xml[\w\W]*
12/12 18:26:58.840 [http-nio-8080-exec-5/INFO] [WebSquareConfig.getStringValue] key[/websquare/i18n/xmlInfo/web2fileCacheImpl/@value] value[] defaultValue[websquare.i18n.impl.DefaultWeb2FileCacheImpl]
12/12 18:26:58.840 [http-nio-8080-exec-5/SEVERE] [Web2FileCache.initialize] ###################initialize Web2FileCache #####################
12/12 18:26:58.840 [http-nio-8080-exec-5/SEVERE] [Web2FileCache.initialize] web2fileCacheImpl  		: websquare.i18n.impl.DefaultWeb2FileCacheImpl
12/12 18:26:58.841 [http-nio-8080-exec-5/INFO] [WebSquareConfig.getStringValue] key[/websquare/i18n/xmlInfo/@baseDir] value[/Users/yongsang/Development/workspace/java/kbiz-labor/src/main/webapp] defaultValue[]
12/12 18:26:58.841 [http-nio-8080-exec-5/INFO] [WebSquareConfig.getStringValue] key[/websquare/i18n/xmlInfo/@baseUrl] value[] defaultValue[url]
12/12 18:26:58.842 [http-nio-8080-exec-5/INFO] [WebSquareConfig.getStringValue] key[/websquare/i18n/xmlInfo/@cache] value[false] defaultValue[false]
12/12 18:26:58.842 [http-nio-8080-exec-5/INFO] [WebSquareConfig.getStringValue] key[/websquare/i18n/xmlInfo/@storageType] value[] defaultValue[0]
12/12 18:26:58.842 [http-nio-8080-exec-5/INFO] [WebSquareConfig.getStringValue] key[/websquare/i18n/xmlInfo/excludeList/@value] value[] defaultValue[]
12/12 18:26:58.842 [http-nio-8080-exec-5/SEVERE] [DefaultWeb2FileCacheImpl.initialize] ###################initialize DefaultWeb2FileCacheImpl #####################
12/12 18:26:58.842 [http-nio-8080-exec-5/SEVERE] [DefaultWeb2FileCacheImpl.initialize] baseDir            : /Users/yongsang/Development/workspace/java/kbiz-labor/src/main/webapp
12/12 18:26:58.842 [http-nio-8080-exec-5/SEVERE] [DefaultWeb2FileCacheImpl.initialize] url  				: url
12/12 18:26:58.843 [http-nio-8080-exec-5/SEVERE] [DefaultWeb2FileCacheImpl.initialize] useCache        	: false
12/12 18:26:58.843 [http-nio-8080-exec-5/SEVERE] [DefaultWeb2FileCacheImpl.initialize] storageType  		: 0
12/12 18:26:58.843 [http-nio-8080-exec-5/INFO] [WebSquareConfig.getStringValue] key[/websquare/i18n/localeParam/@value] value[locale] defaultValue[locale]
12/12 18:26:58.844 [http-nio-8080-exec-5/INFO] [WebSquareConfig.getStringValue] key[/websquare/i18n/defaultLocale/domain[@name='localhost:8080']/@locale] value[] defaultValue[]
12/12 18:26:58.845 [http-nio-8080-exec-5/INFO] [WebSquareConfig.getStringValue] key[/websquare/i18n/defaultLocale/@value] value[ko] defaultValue[en]
