12/14 10:21:26.438 [http-nio-8080-exec-6/INFO] [WebSquareConfig.getStringValue] key[//wqDefiner/@value] value[] defaultValue[]
12/14 10:21:26.440 [http-nio-8080-exec-6/INFO] [WebSquareConfig.getStringValue] key[//upload/@support] value[] defaultValue[true]
12/14 10:21:26.441 [http-nio-8080-exec-6/INFO] [WebSquareConfig.getStringValue] key[/websquare/upload/maxUploadSize/@value] value[200000000] defaultValue[1048576]
12/14 10:21:26.443 [http-nio-8080-exec-6/INFO] [WebSquareConfig.getStringValue] key[//upload/encoding/@value] value[UTF-8] defaultValue[KSC5601]
12/14 10:21:26.455 [http-nio-8080-exec-6/INFO] [WebSquareConfig.getStringValue] key[//upload/baseDir/@value] value[/Users/yongsang/Development/workspace/java/kbiz-labor/runtime/websquare_home/upload] defaultValue[null]
12/14 10:21:26.456 [http-nio-8080-exec-6/INFO] [WebSquareConfig.getStringValue] key[//upload/folderName/@value] value[up] defaultValue[]
12/14 10:21:26.478 [http-nio-8080-exec-6/INFO] [WebSquareConfig.getStringValue] key[//engineType/@value] value[5] defaultValue[1]
12/14 10:21:26.530 [http-nio-8080-exec-6/INFO] [WebSquareConfig.getStringValue] key[//engineType/@baseFolder] value[] defaultValue[]
12/14 10:21:26.536 [http-nio-8080-exec-6/INFO] [WebSquareConfig.getStringValue] key[//engineType/@coverage] value[notsupport] defaultValue[notsupport]
12/14 10:21:26.541 [http-nio-8080-exec-6/SEVERE] LoadingModule [/bootloader][websquare.Bootloader][17984][5]
12/14 10:21:26.541 [http-nio-8080-exec-6/INFO] [WebSquareConfig.getStringValue] key[//engineType/@etag] value[support] defaultValue[support]
12/14 10:21:26.577 [http-nio-8080-exec-1/SEVERE] LoadingModule [engine/CommonRuntime][websquare.engine.CommonRuntime][0][5]
12/14 10:21:26.582 [http-nio-8080-exec-1/SEVERE] LoadingModule [engine/core][websquare.engine.Core][47470][5]
12/14 10:21:26.584 [http-nio-8080-exec-1/SEVERE] LoadingModule [engine/exception][websquare.engine.Exception][5754][5]
12/14 10:21:26.587 [http-nio-8080-exec-1/SEVERE] LoadingModule [engine/logger][websquare.engine.Logger][24568][5]
12/14 10:21:26.591 [http-nio-8080-exec-1/SEVERE] LoadingModule [engine/xml][websquare.engine.Xml][33569][5]
12/14 10:21:26.593 [http-nio-8080-exec-1/SEVERE] LoadingModule [engine/collection][websquare.engine.Collection][14815][5]
12/14 10:21:26.596 [http-nio-8080-exec-1/SEVERE] LoadingModule [engine/WebSquareDocument][websquare.engine.WebSquareDocument][10118][5]
12/14 10:21:26.599 [http-nio-8080-exec-1/SEVERE] LoadingModule [engine/Parser][websquare.engine.Parser][30002][5]
12/14 10:21:26.602 [http-nio-8080-exec-1/SEVERE] LoadingModule [engine/Model][websquare.engine.Model][5977][5]
12/14 10:21:26.604 [http-nio-8080-exec-1/SEVERE] LoadingModule [engine/Actions][websquare.engine.Actions][5444][5]
12/14 10:21:26.609 [http-nio-8080-exec-1/SEVERE] LoadingModule [engine/ModelUtil][websquare.engine.ModelUtil][98173][5]
12/14 10:21:26.613 [http-nio-8080-exec-1/SEVERE] LoadingModule [engine/DataCollection][websquare.engine.DataCollection][29178][5]
12/14 10:21:26.614 [http-nio-8080-exec-1/SEVERE] LoadingModule [engine/Events][websquare.engine.Events][215][5]
12/14 10:21:26.617 [http-nio-8080-exec-1/SEVERE] LoadingModule [engine/form][websquare.engine.Form][26026][5]
12/14 10:21:26.618 [http-nio-8080-exec-1/SEVERE] LoadingModule [engine/net][websquare.engine.Net][16397][5]
12/14 10:21:26.621 [http-nio-8080-exec-1/SEVERE] LoadingModule [engine/session][websquare.engine.Session][2896][5]
12/14 10:21:26.635 [http-nio-8080-exec-1/SEVERE] LoadingModule [engine/util][websquare.engine.Util][117765][5]
12/14 10:21:26.639 [http-nio-8080-exec-1/SEVERE] LoadingModule [engine/date][websquare.engine.Date][23940][5]
12/14 10:21:26.643 [http-nio-8080-exec-1/SEVERE] LoadingModule [engine/text][websquare.engine.Text][34526][5]
12/14 10:21:26.645 [http-nio-8080-exec-1/SEVERE] LoadingModule [engine/layer][websquare.engine.Layer][10781][5]
12/14 10:21:26.647 [http-nio-8080-exec-1/SEVERE] LoadingModule [engine/cookie][websquare.engine.Cookie][762][5]
12/14 10:21:26.648 [http-nio-8080-exec-1/SEVERE] LoadingModule [engine/domIterator][websquare.engine.DomIterator][2479][5]
12/14 10:21:26.650 [http-nio-8080-exec-1/SEVERE] LoadingModule [engine/effect][websquare.engine.Effect][14767][5]
12/14 10:21:26.651 [http-nio-8080-exec-1/SEVERE] LoadingModule [engine/thread][websquare.engine.Thread][1383][5]
12/14 10:21:26.654 [http-nio-8080-exec-1/SEVERE] LoadingModule [engine/event][websquare.engine.Event][19371][5]
12/14 10:21:26.655 [http-nio-8080-exec-1/SEVERE] LoadingModule [engine/skin][websquare.engine.Skin][8159][5]
12/14 10:21:26.657 [http-nio-8080-exec-1/SEVERE] LoadingModule [engine/language][websquare.engine.Language][480][5]
12/14 10:21:26.660 [http-nio-8080-exec-1/SEVERE] LoadingModule [engine/geometry][websquare.engine.Geometry][5656][5]
12/14 10:21:26.662 [http-nio-8080-exec-1/SEVERE] LoadingModule [engine/shape][websquare.engine.Shape][12409][5]
12/14 10:21:26.663 [http-nio-8080-exec-1/SEVERE] LoadingModule [engine/configManager][websquare.engine.ConfigManager][1106][5]
12/14 10:21:26.664 [http-nio-8080-exec-1/SEVERE] LoadingModule [engine/cssStyleSheet][websquare.engine.CssStyleSheet][4604][5]
12/14 10:21:26.667 [http-nio-8080-exec-1/SEVERE] LoadingModule [uiplugin/control/eventControl][websquare.uiplugin.control.EventControl][8797][5]
12/14 10:21:26.669 [http-nio-8080-exec-1/SEVERE] LoadingModule [engine/dragdrop][websquare.engine.Dragdrop][12576][5]
12/14 10:21:26.670 [http-nio-8080-exec-1/SEVERE] LoadingModule [engine/formatter][websquare.engine.Formatter][8870][5]
12/14 10:21:26.672 [http-nio-8080-exec-1/SEVERE] LoadingModule [engine/style][websquare.engine.Style][14017][5]
12/14 10:21:26.674 [http-nio-8080-exec-1/SEVERE] LoadingModule [engine/validator][websquare.engine.Validator][48490][5]
12/14 10:21:26.676 [http-nio-8080-exec-1/SEVERE] LoadingModule [engine/wUnit][websquare.engine.WUnit][14779][5]
12/14 10:21:26.678 [http-nio-8080-exec-1/SEVERE] LoadingModule [engine/json][websquare.engine.Json][9619][5]
12/14 10:21:26.680 [http-nio-8080-exec-1/SEVERE] LoadingModule [engine/jquerySupport][websquare.engine.JquerySupport][3816][5]
12/14 10:21:26.683 [http-nio-8080-exec-1/SEVERE] LoadingModule [uiplugin/control/css][websquare.uiplugin.control.Css][11497][5]
12/14 10:21:26.685 [http-nio-8080-exec-1/SEVERE] LoadingModule [uiplugin/control/IAction][websquare.uiplugin.control.IAction][218][5]
12/14 10:21:26.686 [http-nio-8080-exec-1/SEVERE] LoadingModule [uiplugin/control/IVisible][websquare.uiplugin.control.IVisible][118][5]
12/14 10:21:26.687 [http-nio-8080-exec-1/SEVERE] LoadingModule [uiplugin/control/ISerialize][websquare.uiplugin.control.ISerialize][248][5]
12/14 10:21:26.689 [http-nio-8080-exec-1/SEVERE] LoadingModule [uiplugin/control/widget][websquare.uiplugin.control.Widget][23][5]
12/14 10:21:26.691 [http-nio-8080-exec-1/SEVERE] LoadingModule [uiplugin/control/control][websquare.uiplugin.control.Control][5707][5]
12/14 10:21:26.693 [http-nio-8080-exec-1/SEVERE] LoadingModule [uiplugin/control/cssManager][websquare.uiplugin.control.CssManager][10841][5]
12/14 10:21:26.694 [http-nio-8080-exec-1/SEVERE] LoadingModule [uiplugin/control/cssCustomizer][websquare.uiplugin.control.CssCustomizer][2212][5]
12/14 10:21:26.698 [http-nio-8080-exec-1/SEVERE] LoadingModule [uiplugin/control/htmlControl][websquare.uiplugin.control.HtmlControl][514][5]
12/14 10:21:26.701 [http-nio-8080-exec-1/SEVERE] LoadingModule [uiplugin/control/xfControl][websquare.uiplugin.control.XfControl][35376][5]
12/14 10:21:26.703 [http-nio-8080-exec-1/SEVERE] LoadingModule [uiplugin/control/modelControl][websquare.uiplugin.control.ModelControl][11235][5]
12/14 10:21:26.705 [http-nio-8080-exec-1/SEVERE] LoadingModule [uiplugin/control/controlManager][websquare.uiplugin.control.ControlManager][2696][5]
12/14 10:21:26.707 [http-nio-8080-exec-1/SEVERE] LoadingModule [uiplugin/control/controlFactory][websquare.uiplugin.control.ControlFactory][7255][5]
12/14 10:21:26.708 [http-nio-8080-exec-1/SEVERE] LoadingModule [uiplugin/control/executeHelper][websquare.uiplugin.control.ExecuteHelper][6286][5]
12/14 10:21:26.709 [http-nio-8080-exec-1/SEVERE] LoadingModule [uiplugin/control/controlIterator][websquare.uiplugin.control.ControlIterator][0][5]
12/14 10:21:26.711 [http-nio-8080-exec-1/SEVERE] LoadingModule [uiplugin/balloonTip/balloonTip][websquare.uiplugin.balloonTip.BalloonTip][2143][5]
12/14 10:21:26.713 [http-nio-8080-exec-1/SEVERE] LoadingModule [engine/localStorage][websquare.engine.LocalStorage][5113][5]
12/14 10:21:26.714 [http-nio-8080-exec-1/SEVERE] LoadingModule [engine/big][websquare.engine.Big][5435][5]
12/14 10:21:26.715 [http-nio-8080-exec-1/SEVERE] LoadingModule [engine/api][websquare.engine.Api][2887][5]
12/14 10:21:26.718 [http-nio-8080-exec-1/SEVERE] LoadingModule [engine/initializer][websquare.engine.Initializer][23123][5]
12/14 10:21:26.719 [http-nio-8080-exec-1/SEVERE] LoadingModule [uiplugin/control/historyManager][websquare.uiplugin.control.HistoryManager][1383][5]
12/14 10:21:26.721 [http-nio-8080-exec-1/SEVERE] LoadingModule [uiplugin/control/itemsetControl][websquare.uiplugin.control.ItemsetControl][14892][5]
12/14 10:21:26.725 [http-nio-8080-exec-1/SEVERE] LoadingModule [uiplugin/dataList/dataController][websquare.uiplugin.dataList.DataController][94599][5]
12/14 10:21:26.729 [http-nio-8080-exec-1/SEVERE] LoadingModule [uiplugin/dataList/statusController][websquare.uiplugin.dataList.StatusController][30017][5]
12/14 10:21:26.730 [http-nio-8080-exec-1/SEVERE] LoadingModule [uiplugin/dataList/dataListCellController][websquare.uiplugin.dataList.DataListCellController][9673][5]
12/14 10:21:26.733 [http-nio-8080-exec-1/SEVERE] LoadingModule [uiplugin/dataList/dataListApiController][websquare.uiplugin.dataList.DataListApiController][40009][5]
12/14 10:21:26.735 [http-nio-8080-exec-1/SEVERE] LoadingModule [uiplugin/dataList/filterController][websquare.uiplugin.dataList.FilterController][12462][5]
12/14 10:21:26.736 [http-nio-8080-exec-1/SEVERE] LoadingModule [uiplugin/dataList/dataList][websquare.uiplugin.dataList.DataList][12033][5]
12/14 10:21:26.738 [http-nio-8080-exec-1/SEVERE] LoadingModule [uiplugin/dataMap/dataMapApiController][websquare.uiplugin.dataMap.DataMapApiController][21631][5]
12/14 10:21:26.740 [http-nio-8080-exec-1/SEVERE] LoadingModule [uiplugin/dataMap/dataMap][websquare.uiplugin.dataMap.DataMap][9312][5]
12/14 10:21:26.744 [http-nio-8080-exec-1/SEVERE] LoadingModule [uiplugin/linkedDataList/linkedFilterController][websquare.uiplugin.linkedDataList.LinkedFilterController][23421][5]
12/14 10:21:26.748 [http-nio-8080-exec-1/SEVERE] LoadingModule [uiplugin/linkedDataList/linkedDataListApiController][websquare.uiplugin.linkedDataList.LinkedDataListApiController][54622][5]
12/14 10:21:26.750 [http-nio-8080-exec-1/SEVERE] LoadingModule [uiplugin/linkedDataList/linkedDataList][websquare.uiplugin.linkedDataList.LinkedDataList][11224][5]
12/14 10:21:26.752 [http-nio-8080-exec-1/SEVERE] LoadingModule [uiplugin/aliasDataCollection/aliasDataList][websquare.uiplugin.aliasDataCollection.AliasDataList][8053][5]
12/14 10:21:26.753 [http-nio-8080-exec-1/SEVERE] LoadingModule [uiplugin/aliasDataCollection/aliasDataMap][websquare.uiplugin.aliasDataCollection.AliasDataMap][7859][5]
12/14 10:21:26.755 [http-nio-8080-exec-1/SEVERE] LoadingModule [uiplugin/aliasDataCollection/aliasLinkedDataList][websquare.uiplugin.aliasDataCollection.AliasLinkedDataList][7677][5]
12/14 10:21:26.757 [http-nio-8080-exec-1/SEVERE] LoadingModule [uiplugin/body/body][websquare.uiplugin.body.Body][23518][5]
12/14 10:21:26.761 [http-nio-8080-exec-1/SEVERE] LoadingModule [uiplugin/group/group][websquare.uiplugin.group.Group][27515][5]
12/14 10:21:26.763 [http-nio-8080-exec-1/SEVERE] LoadingModule [uiplugin/floatingLayer/floatingLayer][websquare.uiplugin.floatingLayer.FloatingLayer][19174][5]
12/14 10:21:26.764 [http-nio-8080-exec-1/SEVERE] LoadingModule [uiplugin/helper/dateHelper][websquare.uiplugin.helper.DateHelper][8072][5]
12/14 10:21:26.767 [http-nio-8080-exec-1/SEVERE] LoadingModule [uiplugin/input/basicInput][websquare.uiplugin.input.BasicInput][8222][5]
12/14 10:21:26.770 [http-nio-8080-exec-1/SEVERE] LoadingModule [uiplugin/input/input][websquare.uiplugin.input.Input][63822][5]
12/14 10:21:26.772 [http-nio-8080-exec-1/SEVERE] LoadingModule [uiplugin/layer/layer][websquare.uiplugin.layer.Layer][911][5]
12/14 10:21:26.775 [http-nio-8080-exec-1/SEVERE] LoadingModule [uiplugin/trigger/trigger][websquare.uiplugin.trigger.Trigger][12571][5]
12/14 10:21:26.778 [http-nio-8080-exec-1/SEVERE] LoadingModule [uiplugin/submit/submit][websquare.uiplugin.submit.Submit][1946][5]
12/14 10:21:26.781 [http-nio-8080-exec-1/SEVERE] LoadingModule [uiplugin/output/output][websquare.uiplugin.output.Output][9753][5]
12/14 10:21:26.783 [http-nio-8080-exec-1/SEVERE] LoadingModule [uiplugin/anchor/anchor][websquare.uiplugin.anchor.Anchor][8299][5]
12/14 10:21:26.784 [http-nio-8080-exec-1/SEVERE] LoadingModule [uiplugin/image/image][websquare.uiplugin.image.Image][4502][5]
12/14 10:21:26.786 [http-nio-8080-exec-1/SEVERE] LoadingModule [uiplugin/iframe/iframe][websquare.uiplugin.iframe.Iframe][16399][5]
12/14 10:21:26.789 [http-nio-8080-exec-1/SEVERE] LoadingModule [uiplugin/radio/radio][websquare.uiplugin.radio.Radio][20489][5]
12/14 10:21:26.791 [http-nio-8080-exec-1/SEVERE] LoadingModule [uiplugin/checkbox/checkbox][websquare.uiplugin.checkbox.Checkbox][25753][5]
12/14 10:21:26.793 [http-nio-8080-exec-1/SEVERE] LoadingModule [uiplugin/template/template][websquare.uiplugin.template.Template][1340][5]
12/14 10:21:26.795 [http-nio-8080-exec-1/SEVERE] LoadingModule [uiplugin/textarea/textarea][websquare.uiplugin.textarea.Textarea][16961][5]
12/14 10:21:26.797 [http-nio-8080-exec-1/SEVERE] LoadingModule [uiplugin/textbox/textbox][websquare.uiplugin.textbox.Textbox][14920][5]
12/14 10:21:26.799 [http-nio-8080-exec-1/SEVERE] LoadingModule [uiplugin/pageList/pageList][websquare.uiplugin.pageList.PageList][29956][5]
12/14 10:21:26.804 [http-nio-8080-exec-1/SEVERE] LoadingModule [uiplugin/repeat/repeat][websquare.uiplugin.repeat.Repeat][6620][5]
12/14 10:21:26.806 [http-nio-8080-exec-1/SEVERE] LoadingModule [uiplugin/upload/upload][websquare.uiplugin.upload.Upload][14515][5]
12/14 10:21:26.809 [http-nio-8080-exec-1/SEVERE] LoadingModule [uiplugin/graphicUtil/svgToolkit][websquare.uiplugin.graphicUtil.SvgToolkit][12807][5]
12/14 10:21:26.811 [http-nio-8080-exec-1/SEVERE] LoadingModule [uiplugin/graphicUtil/vmlToolkit][websquare.uiplugin.graphicUtil.VmlToolkit][12368][5]
12/14 10:21:26.812 [http-nio-8080-exec-1/SEVERE] LoadingModule [uiplugin/graphicUtil/graphicUtil][websquare.uiplugin.graphicUtil.GraphicUtil][2284][5]
12/14 10:21:26.814 [http-nio-8080-exec-1/SEVERE] LoadingModule [uiplugin/rectangle/rectangle][websquare.uiplugin.rectangle.Rectangle][1927][5]
12/14 10:21:26.815 [http-nio-8080-exec-1/SEVERE] LoadingModule [uiplugin/roundRectangle/roundRectangle][websquare.uiplugin.roundRectangle.RoundRectangle][2810][5]
12/14 10:21:26.818 [http-nio-8080-exec-1/SEVERE] LoadingModule [uiplugin/table/itemTable][websquare.uiplugin.table.ItemTable][30025][5]
12/14 10:21:26.822 [http-nio-8080-exec-1/SEVERE] LoadingModule [uiplugin/selectbox/selectbox][websquare.uiplugin.selectbox.Selectbox][71279][5]
12/14 10:21:26.825 [http-nio-8080-exec-1/SEVERE] LoadingModule [uiplugin/multiselect/multiselect][websquare.uiplugin.multiselect.Multiselect][17250][5]
12/14 10:21:26.829 [http-nio-8080-exec-1/SEVERE] LoadingModule [uiplugin/checkcombobox/checkcombobox][websquare.uiplugin.checkcombobox.Checkcombobox][78140][5]
12/14 10:21:26.833 [http-nio-8080-exec-1/SEVERE] LoadingModule [uiplugin/autoComplete/autoComplete][websquare.uiplugin.autoComplete.AutoComplete][89167][5]
12/14 10:21:26.836 [http-nio-8080-exec-1/SEVERE] LoadingModule [uiplugin/list/list][websquare.uiplugin.list.List][37102][5]
12/14 10:21:26.841 [http-nio-8080-exec-1/SEVERE] LoadingModule [uiplugin/calendar/calendar][websquare.uiplugin.calendar.Calendar][91436][5]
12/14 10:21:26.845 [http-nio-8080-exec-1/SEVERE] LoadingModule [uiplugin/inputCalendar/inputCalendar][websquare.uiplugin.inputCalendar.InputCalendar][62571][5]
12/14 10:21:26.847 [http-nio-8080-exec-1/SEVERE] LoadingModule [uiplugin/Switch/Switch][websquare.uiplugin.Switch.Switch][18977][5]
12/14 10:21:26.850 [http-nio-8080-exec-1/SEVERE] LoadingModule [uiplugin/tabContainer/tabContainer][websquare.uiplugin.tabContainer.TabContainer][19248][5]
12/14 10:21:26.851 [http-nio-8080-exec-1/SEVERE] LoadingModule [uiplugin/helper/korHelper][websquare.uiplugin.helper.KorHelper][3297][5]
12/14 10:21:26.853 [http-nio-8080-exec-1/SEVERE] LoadingModule [uiplugin/slideHide/slideHide][websquare.uiplugin.slideHide.SlideHide][12075][5]
12/14 10:21:26.854 [http-nio-8080-exec-1/SEVERE] LoadingModule [uiplugin/taskManager/taskManager][websquare.uiplugin.taskManager.TaskManager][3015][5]
12/14 10:21:26.856 [http-nio-8080-exec-1/SEVERE] LoadingModule [uiplugin/html/tag][websquare.uiplugin.html.Tag][10365][5]
12/14 10:21:26.858 [http-nio-8080-exec-1/SEVERE] LoadingModule [uiplugin/xhtml/xhtml][websquare.uiplugin.xhtml.Xhtml][862][5]
12/14 10:21:26.859 [http-nio-8080-exec-1/SEVERE] LoadingModule [uiplugin/xsl/xsl][websquare.uiplugin.xsl.Xsl][1983][5]
12/14 10:21:26.862 [http-nio-8080-exec-1/SEVERE] LoadingModule [uiplugin/treeview/virtualTree][websquare.uiplugin.treeview.VirtualTree][20974][5]
12/14 10:21:26.866 [http-nio-8080-exec-1/SEVERE] LoadingModule [uiplugin/treeview/virtualTreeView][websquare.uiplugin.treeview.VirtualTreeView][69758][5]
12/14 10:21:26.868 [http-nio-8080-exec-1/SEVERE] LoadingModule [uiplugin/treeview/tree][websquare.uiplugin.treeview.Tree][15544][5]
12/14 10:21:26.872 [http-nio-8080-exec-1/SEVERE] LoadingModule [uiplugin/treeview/treeview][websquare.uiplugin.treeview.Treeview][78466][5]
12/14 10:21:26.874 [http-nio-8080-exec-1/SEVERE] LoadingModule [uiplugin/menu/menu][websquare.uiplugin.menu.Menu][28387][5]
12/14 10:21:26.878 [http-nio-8080-exec-1/SEVERE] LoadingModule [uiplugin/wframe/wframe][websquare.uiplugin.wframe.Wframe][54466][5]
12/14 10:21:26.879 [http-nio-8080-exec-1/SEVERE] LoadingModule [uiplugin/wframe/wframeDocument][websquare.uiplugin.wframe.WframeDocument][1902][5]
12/14 10:21:26.880 [http-nio-8080-exec-1/SEVERE] LoadingModule [uiplugin/wframe/wframeParser][websquare.uiplugin.wframe.WframeParser][2428][5]
12/14 10:21:26.884 [http-nio-8080-exec-1/SEVERE] LoadingModule [uiplugin/window/window][websquare.uiplugin.window.Window][43546][5]
12/14 10:21:26.887 [http-nio-8080-exec-1/SEVERE] LoadingModule [uiplugin/windowContainer/windowContainer][websquare.uiplugin.windowContainer.WindowContainer][88891][5]
12/14 10:21:26.895 [http-nio-8080-exec-1/SEVERE] LoadingModule [uiplugin/gridView/layoutController][websquare.uiplugin.gridView.LayoutController][165703][5]
12/14 10:21:26.898 [http-nio-8080-exec-1/SEVERE] LoadingModule [uiplugin/gridView/drawInitializer][websquare.uiplugin.gridView.DrawInitializer][25340][5]
12/14 10:21:26.902 [http-nio-8080-exec-1/SEVERE] LoadingModule [uiplugin/gridView/eventController][websquare.uiplugin.gridView.EventController][85839][5]
12/14 10:21:26.906 [http-nio-8080-exec-1/SEVERE] LoadingModule [uiplugin/gridView/keyEventController][websquare.uiplugin.gridView.KeyEventController][42858][5]
12/14 10:21:26.908 [http-nio-8080-exec-1/SEVERE] LoadingModule [uiplugin/gridView/mainDrawController][websquare.uiplugin.gridView.MainDrawController][24015][5]
12/14 10:21:26.912 [http-nio-8080-exec-1/SEVERE] LoadingModule [uiplugin/gridView/drawController][websquare.uiplugin.gridView.DrawController][73340][5]
12/14 10:21:26.921 [http-nio-8080-exec-1/SEVERE] LoadingModule [uiplugin/gridView/cellController][websquare.uiplugin.gridView.CellController][230857][5]
12/14 10:21:26.931 [http-nio-8080-exec-1/SEVERE] LoadingModule [uiplugin/gridView/headerController][websquare.uiplugin.gridView.HeaderController][44451][5]
12/14 10:21:26.933 [http-nio-8080-exec-1/SEVERE] LoadingModule [uiplugin/gridView/focusController][websquare.uiplugin.gridView.FocusController][23801][5]
12/14 10:21:26.935 [http-nio-8080-exec-1/SEVERE] LoadingModule [uiplugin/gridView/subtotalDataController][websquare.uiplugin.gridView.SubtotalDataController][12359][5]
12/14 10:21:26.937 [http-nio-8080-exec-1/SEVERE] LoadingModule [uiplugin/gridView/footerController][websquare.uiplugin.gridView.FooterController][19311][5]
12/14 10:21:26.945 [http-nio-8080-exec-1/SEVERE] LoadingModule [uiplugin/gridView/gridViewApiController][websquare.uiplugin.gridView.GridViewApiController][229858][5]
12/14 10:21:26.948 [http-nio-8080-exec-1/SEVERE] LoadingModule [uiplugin/gridView/styleController][websquare.uiplugin.gridView.StyleController][17565][5]
12/14 10:21:26.950 [http-nio-8080-exec-1/SEVERE] LoadingModule [uiplugin/gridView/dataFilter][websquare.uiplugin.gridView.DataFilter][18017][5]
12/14 10:21:26.951 [http-nio-8080-exec-1/SEVERE] LoadingModule [uiplugin/gridView/drilldown][websquare.uiplugin.gridView.Drilldown][13550][5]
12/14 10:21:26.954 [http-nio-8080-exec-1/SEVERE] LoadingModule [uiplugin/gridView/notifyController][websquare.uiplugin.gridView.NotifyController][28588][5]
12/14 10:21:26.956 [http-nio-8080-exec-1/SEVERE] LoadingModule [uiplugin/gridView/mappingController][websquare.uiplugin.gridView.MappingController][42611][5]
12/14 10:21:26.958 [http-nio-8080-exec-1/SEVERE] LoadingModule [uiplugin/gridView/linkedMappingController][websquare.uiplugin.gridView.LinkedMappingController][21592][5]
12/14 10:21:26.960 [http-nio-8080-exec-1/SEVERE] LoadingModule [uiplugin/gridView/gridView][websquare.uiplugin.gridView.GridView][30823][5]
12/14 10:21:26.962 [http-nio-8080-exec-1/SEVERE] LoadingModule [uiplugin/grid/grid][websquare.uiplugin.grid.Grid][16275][5]
12/14 10:21:26.964 [http-nio-8080-exec-1/SEVERE] LoadingModule [uiplugin/generator/generator][websquare.uiplugin.generator.Generator][7982][5]
12/14 10:21:26.967 [http-nio-8080-exec-1/SEVERE] LoadingModule [uiplugin/scrollView/scrollView][websquare.uiplugin.scrollView.ScrollView][23761][5]
12/14 10:21:26.968 [http-nio-8080-exec-1/SEVERE] LoadingModule [uiplugin/article/article][websquare.uiplugin.article.Article][37][5]
12/14 10:21:26.969 [http-nio-8080-exec-1/SEVERE] LoadingModule [uiplugin/aside/aside][websquare.uiplugin.aside.Aside][35][5]
12/14 10:21:26.970 [http-nio-8080-exec-1/SEVERE] LoadingModule [uiplugin/audio/audio][websquare.uiplugin.audio.Audio][35][5]
12/14 10:21:26.971 [http-nio-8080-exec-1/SEVERE] LoadingModule [uiplugin/canvas/canvas][websquare.uiplugin.canvas.Canvas][36][5]
12/14 10:21:26.972 [http-nio-8080-exec-1/SEVERE] LoadingModule [uiplugin/footer/footer][websquare.uiplugin.footer.Footer][36][5]
12/14 10:21:26.973 [http-nio-8080-exec-1/SEVERE] LoadingModule [uiplugin/header/header][websquare.uiplugin.header.Header][36][5]
12/14 10:21:26.974 [http-nio-8080-exec-1/SEVERE] LoadingModule [uiplugin/nav/nav][websquare.uiplugin.nav.Nav][33][5]
12/14 10:21:26.975 [http-nio-8080-exec-1/SEVERE] LoadingModule [uiplugin/section/section][websquare.uiplugin.section.Section][37][5]
12/14 10:21:26.976 [http-nio-8080-exec-1/SEVERE] LoadingModule [uiplugin/video/video][websquare.uiplugin.video.Video][35][5]
12/14 10:21:26.980 [http-nio-8080-exec-1/SEVERE] LoadingModule [uiplugin/pageInherit/pageInherit][websquare.uiplugin.pageInherit.PageInherit][42304][5]
12/14 10:21:26.982 [http-nio-8080-exec-1/SEVERE] LoadingModule [uiplugin/layout/layout][websquare.uiplugin.layout.Layout][17780][5]
12/14 10:21:26.983 [http-nio-8080-exec-1/SEVERE] LoadingModule [uiplugin/table/tableLayout][websquare.uiplugin.table.TableLayout][41][5]
12/14 10:21:26.985 [http-nio-8080-exec-1/SEVERE] LoadingModule [uiplugin/span/span][websquare.uiplugin.span.Span][9824][5]
12/14 10:21:26.988 [http-nio-8080-exec-1/SEVERE] LoadingModule [uiplugin/pivotTable/pivotTable][websquare.uiplugin.pivotTable.PivotTable][6628][5]
12/14 10:21:26.990 [http-nio-8080-exec-1/SEVERE] LoadingModule [uiplugin/fwFunnelChart/fwFunnelChart][websquare.uiplugin.fwFunnelChart.FwFunnelChart][11008][5]
12/14 10:21:26.992 [http-nio-8080-exec-1/SEVERE] LoadingModule [uiplugin/fwPyramidChart/fwPyramidChart][websquare.uiplugin.fwPyramidChart.FwPyramidChart][11012][5]
12/14 10:21:26.994 [http-nio-8080-exec-1/SEVERE] LoadingModule [uiplugin/fwSparkChart/fwSparkChart][websquare.uiplugin.fwSparkChart.FwSparkChart][10204][5]
12/14 10:21:26.997 [http-nio-8080-exec-1/SEVERE] LoadingModule [uiplugin/fwGaugeChart/fwGaugeChart][websquare.uiplugin.fwGaugeChart.FwGaugeChart][16100][5]
12/14 10:21:26.998 [http-nio-8080-exec-1/SEVERE] LoadingModule [uiplugin/fwGanttChart/fwGanttChart][websquare.uiplugin.fwGanttChart.FwGanttChart][10828][5]
12/14 10:21:27.000 [http-nio-8080-exec-1/SEVERE] LoadingModule [uiplugin/fwRealtimeChart/fwRealtimeChart][websquare.uiplugin.fwRealtimeChart.FwRealtimeChart][13952][5]
12/14 10:21:27.002 [http-nio-8080-exec-1/SEVERE] LoadingModule [uiplugin/fwBulletChart/fwBulletChart][websquare.uiplugin.fwBulletChart.FwBulletChart][6766][5]
12/14 10:21:27.003 [http-nio-8080-exec-1/SEVERE] LoadingModule [uiplugin/accordion/accordion][websquare.uiplugin.accordion.Accordion][12770][5]
12/14 10:21:27.005 [http-nio-8080-exec-1/SEVERE] LoadingModule [uiplugin/scheduleCalendar/scheduleCalendar][websquare.uiplugin.scheduleCalendar.ScheduleCalendar][19155][5]
12/14 10:21:27.007 [http-nio-8080-exec-1/SEVERE] LoadingModule [uiplugin/progressbar/progressbar][websquare.uiplugin.progressbar.Progressbar][4954][5]
12/14 10:21:27.010 [http-nio-8080-exec-1/SEVERE] LoadingModule [uiplugin/widgetContainer/widgetContainer][websquare.uiplugin.widgetContainer.WidgetContainer][40060][5]
12/14 10:21:27.012 [http-nio-8080-exec-1/SEVERE] LoadingModule [uiplugin/spinner/spinner][websquare.uiplugin.spinner.Spinner][21201][5]
12/14 10:21:27.014 [http-nio-8080-exec-1/SEVERE] LoadingModule [uiplugin/spinPicker/spinPicker][websquare.uiplugin.spinPicker.SpinPicker][9669][5]
12/14 10:21:27.015 [http-nio-8080-exec-1/SEVERE] LoadingModule [uiplugin/datePicker/datePicker][websquare.uiplugin.datePicker.DatePicker][8431][5]
12/14 10:21:27.017 [http-nio-8080-exec-1/SEVERE] LoadingModule [uiplugin/slider/slider][websquare.uiplugin.slider.Slider][27310][5]
12/14 10:21:27.021 [http-nio-8080-exec-1/SEVERE] LoadingModule [uiplugin/tabControl/tabControl][websquare.uiplugin.tabControl.TabControl][83784][5]
12/14 10:21:27.023 [http-nio-8080-exec-1/SEVERE] LoadingModule [uiplugin/searchbox/searchbox][websquare.uiplugin.searchbox.Searchbox][8840][5]
12/14 10:21:27.025 [http-nio-8080-exec-1/SEVERE] LoadingModule [uiplugin/fliptoggle/fliptoggle][websquare.uiplugin.fliptoggle.Fliptoggle][12115][5]
12/14 10:21:27.026 [http-nio-8080-exec-1/SEVERE] LoadingModule [uiplugin/pageControl/pageControl][websquare.uiplugin.pageControl.PageControl][10831][5]
12/14 10:21:27.028 [http-nio-8080-exec-1/SEVERE] LoadingModule [uiplugin/panelContainer/panelContainer][websquare.uiplugin.panelContainer.PanelContainer][8648][5]
12/14 10:21:27.029 [http-nio-8080-exec-1/SEVERE] LoadingModule [engine/initCSS][websquare.engine.InitCSS][6188][5]
12/14 10:25:32.458 [http-nio-8080-exec-2/INFO] [WebSquareConfig.getStringValue] key[//wqDefiner/@value] value[] defaultValue[]
12/14 10:25:32.459 [http-nio-8080-exec-2/INFO] [WebSquareConfig.getStringValue] key[//upload/@support] value[] defaultValue[true]
12/14 10:25:32.460 [http-nio-8080-exec-2/INFO] [WebSquareConfig.getStringValue] key[/websquare/upload/maxUploadSize/@value] value[200000000] defaultValue[1048576]
12/14 10:25:32.462 [http-nio-8080-exec-2/INFO] [WebSquareConfig.getStringValue] key[//upload/encoding/@value] value[UTF-8] defaultValue[KSC5601]
12/14 10:25:32.464 [http-nio-8080-exec-2/INFO] [WebSquareConfig.getStringValue] key[//upload/baseDir/@value] value[/Users/yongsang/Development/workspace/java/kbiz-labor/runtime/websquare_home/upload] defaultValue[null]
12/14 10:25:32.464 [http-nio-8080-exec-2/INFO] [WebSquareConfig.getStringValue] key[//upload/folderName/@value] value[up] defaultValue[]
12/14 10:25:32.482 [http-nio-8080-exec-2/INFO] [WebSquareConfig.getStringValue] key[//engineType/@value] value[5] defaultValue[1]
12/14 10:25:32.526 [http-nio-8080-exec-2/INFO] [WebSquareConfig.getStringValue] key[//engineType/@baseFolder] value[] defaultValue[]
12/14 10:25:32.532 [http-nio-8080-exec-2/INFO] [WebSquareConfig.getStringValue] key[//engineType/@coverage] value[notsupport] defaultValue[notsupport]
12/14 10:25:32.537 [http-nio-8080-exec-2/SEVERE] LoadingModule [/bootloader][websquare.Bootloader][17984][5]
12/14 10:25:32.537 [http-nio-8080-exec-2/INFO] [WebSquareConfig.getStringValue] key[//engineType/@etag] value[support] defaultValue[support]
12/14 10:26:22.129 [http-nio-8080-exec-2/INFO] [WebSquareConfig.getStringValue] key[//wqDefiner/@value] value[] defaultValue[]
12/14 10:26:22.131 [http-nio-8080-exec-2/INFO] [WebSquareConfig.getStringValue] key[//upload/@support] value[] defaultValue[true]
12/14 10:26:22.132 [http-nio-8080-exec-2/INFO] [WebSquareConfig.getStringValue] key[/websquare/upload/maxUploadSize/@value] value[200000000] defaultValue[1048576]
12/14 10:26:22.134 [http-nio-8080-exec-2/INFO] [WebSquareConfig.getStringValue] key[//upload/encoding/@value] value[UTF-8] defaultValue[KSC5601]
12/14 10:26:22.136 [http-nio-8080-exec-2/INFO] [WebSquareConfig.getStringValue] key[//upload/baseDir/@value] value[/Users/yongsang/Development/workspace/java/kbiz-labor/runtime/websquare_home/upload] defaultValue[null]
12/14 10:26:22.136 [http-nio-8080-exec-2/INFO] [WebSquareConfig.getStringValue] key[//upload/folderName/@value] value[up] defaultValue[]
12/14 10:26:22.152 [http-nio-8080-exec-2/INFO] [WebSquareConfig.getStringValue] key[//engineType/@value] value[5] defaultValue[1]
12/14 10:26:22.194 [http-nio-8080-exec-2/INFO] [WebSquareConfig.getStringValue] key[//engineType/@baseFolder] value[] defaultValue[]
12/14 10:26:22.199 [http-nio-8080-exec-2/INFO] [WebSquareConfig.getStringValue] key[//engineType/@coverage] value[notsupport] defaultValue[notsupport]
12/14 10:26:22.204 [http-nio-8080-exec-2/SEVERE] LoadingModule [/bootloader][websquare.Bootloader][17984][5]
12/14 10:26:22.205 [http-nio-8080-exec-2/INFO] [WebSquareConfig.getStringValue] key[//engineType/@etag] value[support] defaultValue[support]
12/14 10:27:12.016 [http-nio-8080-exec-2/INFO] [WebSquareConfig.getStringValue] key[//wqDefiner/@value] value[] defaultValue[]
12/14 10:27:12.017 [http-nio-8080-exec-2/INFO] [WebSquareConfig.getStringValue] key[//upload/@support] value[] defaultValue[true]
12/14 10:27:12.018 [http-nio-8080-exec-2/INFO] [WebSquareConfig.getStringValue] key[/websquare/upload/maxUploadSize/@value] value[200000000] defaultValue[1048576]
12/14 10:27:12.020 [http-nio-8080-exec-2/INFO] [WebSquareConfig.getStringValue] key[//upload/encoding/@value] value[UTF-8] defaultValue[KSC5601]
12/14 10:27:12.022 [http-nio-8080-exec-2/INFO] [WebSquareConfig.getStringValue] key[//upload/baseDir/@value] value[/Users/yongsang/Development/workspace/java/kbiz-labor/runtime/websquare_home/upload] defaultValue[null]
12/14 10:27:12.023 [http-nio-8080-exec-2/INFO] [WebSquareConfig.getStringValue] key[//upload/folderName/@value] value[up] defaultValue[]
12/14 10:27:12.037 [http-nio-8080-exec-2/INFO] [WebSquareConfig.getStringValue] key[//engineType/@value] value[5] defaultValue[1]
12/14 10:27:12.080 [http-nio-8080-exec-2/INFO] [WebSquareConfig.getStringValue] key[//engineType/@baseFolder] value[] defaultValue[]
12/14 10:27:12.085 [http-nio-8080-exec-2/INFO] [WebSquareConfig.getStringValue] key[//engineType/@coverage] value[notsupport] defaultValue[notsupport]
12/14 10:27:12.089 [http-nio-8080-exec-2/SEVERE] LoadingModule [/bootloader][websquare.Bootloader][17984][5]
12/14 10:27:12.090 [http-nio-8080-exec-2/INFO] [WebSquareConfig.getStringValue] key[//engineType/@etag] value[support] defaultValue[support]
12/14 10:27:12.623 [http-nio-8080-exec-1/SEVERE] [FileValidator.initialize] ###################initialize FileValidator#####################
12/14 10:27:12.624 [http-nio-8080-exec-1/SEVERE] [FileValidator.initialize] FileValidator.pathInValidPattern     : [\w\W]*[.][\w\W]*|[\w\W]*[..][\w\W]*|[\w\W]*WEB-INF[\w\W]*
12/14 10:27:12.625 [http-nio-8080-exec-1/SEVERE] [FileValidator.initialize] FileValidator.fileNameInValidPattern : [\w\W]*[;][\w\W]*|[\w\W]*web.xml[\w\W]*
12/14 10:27:12.625 [http-nio-8080-exec-1/INFO] [WebSquareConfig.getStringValue] key[/websquare/i18n/xmlInfo/web2fileCacheImpl/@value] value[] defaultValue[websquare.i18n.impl.DefaultWeb2FileCacheImpl]
12/14 10:27:12.626 [http-nio-8080-exec-1/SEVERE] [Web2FileCache.initialize] ###################initialize Web2FileCache #####################
12/14 10:27:12.626 [http-nio-8080-exec-1/SEVERE] [Web2FileCache.initialize] web2fileCacheImpl  		: websquare.i18n.impl.DefaultWeb2FileCacheImpl
12/14 10:27:12.627 [http-nio-8080-exec-1/INFO] [WebSquareConfig.getStringValue] key[/websquare/i18n/xmlInfo/@baseDir] value[/Users/yongsang/Development/workspace/java/kbiz-labor/src/main/webapp] defaultValue[]
12/14 10:27:12.628 [http-nio-8080-exec-1/INFO] [WebSquareConfig.getStringValue] key[/websquare/i18n/xmlInfo/@baseUrl] value[] defaultValue[url]
12/14 10:27:12.628 [http-nio-8080-exec-1/INFO] [WebSquareConfig.getStringValue] key[/websquare/i18n/xmlInfo/@cache] value[false] defaultValue[false]
12/14 10:27:12.628 [http-nio-8080-exec-1/INFO] [WebSquareConfig.getStringValue] key[/websquare/i18n/xmlInfo/@storageType] value[] defaultValue[0]
12/14 10:27:12.629 [http-nio-8080-exec-1/INFO] [WebSquareConfig.getStringValue] key[/websquare/i18n/xmlInfo/excludeList/@value] value[] defaultValue[]
12/14 10:27:12.629 [http-nio-8080-exec-1/SEVERE] [DefaultWeb2FileCacheImpl.initialize] ###################initialize DefaultWeb2FileCacheImpl #####################
12/14 10:27:12.629 [http-nio-8080-exec-1/SEVERE] [DefaultWeb2FileCacheImpl.initialize] baseDir            : /Users/yongsang/Development/workspace/java/kbiz-labor/src/main/webapp
12/14 10:27:12.629 [http-nio-8080-exec-1/SEVERE] [DefaultWeb2FileCacheImpl.initialize] url  				: url
12/14 10:27:12.629 [http-nio-8080-exec-1/SEVERE] [DefaultWeb2FileCacheImpl.initialize] useCache        	: false
12/14 10:27:12.629 [http-nio-8080-exec-1/SEVERE] [DefaultWeb2FileCacheImpl.initialize] storageType  		: 0
12/14 10:27:12.630 [http-nio-8080-exec-1/INFO] [WebSquareConfig.getStringValue] key[/websquare/i18n/localeParam/@value] value[locale] defaultValue[locale]
12/14 10:27:12.630 [http-nio-8080-exec-1/INFO] [WebSquareConfig.getStringValue] key[/websquare/i18n/defaultLocale/domain[@name='localhost:8080']/@locale] value[] defaultValue[]
12/14 10:27:12.631 [http-nio-8080-exec-1/INFO] [WebSquareConfig.getStringValue] key[/websquare/i18n/defaultLocale/@value] value[ko] defaultValue[en]
12/14 10:32:22.760 [http-nio-8080-exec-2/INFO] [WebSquareConfig.getStringValue] key[//wqDefiner/@value] value[] defaultValue[]
12/14 10:32:22.762 [http-nio-8080-exec-2/INFO] [WebSquareConfig.getStringValue] key[//upload/@support] value[] defaultValue[true]
12/14 10:32:22.763 [http-nio-8080-exec-2/INFO] [WebSquareConfig.getStringValue] key[/websquare/upload/maxUploadSize/@value] value[200000000] defaultValue[1048576]
12/14 10:32:22.764 [http-nio-8080-exec-2/INFO] [WebSquareConfig.getStringValue] key[//upload/encoding/@value] value[UTF-8] defaultValue[KSC5601]
12/14 10:32:22.766 [http-nio-8080-exec-2/INFO] [WebSquareConfig.getStringValue] key[//upload/baseDir/@value] value[/Users/yongsang/Development/workspace/java/kbiz-labor/runtime/websquare_home/upload] defaultValue[null]
12/14 10:32:22.767 [http-nio-8080-exec-2/INFO] [WebSquareConfig.getStringValue] key[//upload/folderName/@value] value[up] defaultValue[]
12/14 10:32:22.780 [http-nio-8080-exec-2/INFO] [WebSquareConfig.getStringValue] key[//engineType/@value] value[5] defaultValue[1]
12/14 10:32:22.822 [http-nio-8080-exec-2/INFO] [WebSquareConfig.getStringValue] key[//engineType/@baseFolder] value[] defaultValue[]
12/14 10:32:22.828 [http-nio-8080-exec-2/INFO] [WebSquareConfig.getStringValue] key[//engineType/@coverage] value[notsupport] defaultValue[notsupport]
12/14 10:32:22.832 [http-nio-8080-exec-2/SEVERE] LoadingModule [/bootloader][websquare.Bootloader][17984][5]
12/14 10:32:22.832 [http-nio-8080-exec-2/INFO] [WebSquareConfig.getStringValue] key[//engineType/@etag] value[support] defaultValue[support]
12/14 10:32:23.415 [http-nio-8080-exec-1/SEVERE] [FileValidator.initialize] ###################initialize FileValidator#####################
12/14 10:32:23.416 [http-nio-8080-exec-1/SEVERE] [FileValidator.initialize] FileValidator.pathInValidPattern     : [\w\W]*[.][\w\W]*|[\w\W]*[..][\w\W]*|[\w\W]*WEB-INF[\w\W]*
12/14 10:32:23.416 [http-nio-8080-exec-1/SEVERE] [FileValidator.initialize] FileValidator.fileNameInValidPattern : [\w\W]*[;][\w\W]*|[\w\W]*web.xml[\w\W]*
12/14 10:32:23.417 [http-nio-8080-exec-1/INFO] [WebSquareConfig.getStringValue] key[/websquare/i18n/xmlInfo/web2fileCacheImpl/@value] value[] defaultValue[websquare.i18n.impl.DefaultWeb2FileCacheImpl]
12/14 10:32:23.417 [http-nio-8080-exec-1/SEVERE] [Web2FileCache.initialize] ###################initialize Web2FileCache #####################
12/14 10:32:23.417 [http-nio-8080-exec-1/SEVERE] [Web2FileCache.initialize] web2fileCacheImpl  		: websquare.i18n.impl.DefaultWeb2FileCacheImpl
12/14 10:32:23.418 [http-nio-8080-exec-1/INFO] [WebSquareConfig.getStringValue] key[/websquare/i18n/xmlInfo/@baseDir] value[/Users/yongsang/Development/workspace/java/kbiz-labor/src/main/webapp] defaultValue[]
12/14 10:32:23.419 [http-nio-8080-exec-1/INFO] [WebSquareConfig.getStringValue] key[/websquare/i18n/xmlInfo/@baseUrl] value[] defaultValue[url]
12/14 10:32:23.419 [http-nio-8080-exec-1/INFO] [WebSquareConfig.getStringValue] key[/websquare/i18n/xmlInfo/@cache] value[false] defaultValue[false]
12/14 10:32:23.419 [http-nio-8080-exec-1/INFO] [WebSquareConfig.getStringValue] key[/websquare/i18n/xmlInfo/@storageType] value[] defaultValue[0]
12/14 10:32:23.420 [http-nio-8080-exec-1/INFO] [WebSquareConfig.getStringValue] key[/websquare/i18n/xmlInfo/excludeList/@value] value[] defaultValue[]
12/14 10:32:23.420 [http-nio-8080-exec-1/SEVERE] [DefaultWeb2FileCacheImpl.initialize] ###################initialize DefaultWeb2FileCacheImpl #####################
12/14 10:32:23.420 [http-nio-8080-exec-1/SEVERE] [DefaultWeb2FileCacheImpl.initialize] baseDir            : /Users/yongsang/Development/workspace/java/kbiz-labor/src/main/webapp
12/14 10:32:23.420 [http-nio-8080-exec-1/SEVERE] [DefaultWeb2FileCacheImpl.initialize] url  				: url
12/14 10:32:23.420 [http-nio-8080-exec-1/SEVERE] [DefaultWeb2FileCacheImpl.initialize] useCache        	: false
12/14 10:32:23.420 [http-nio-8080-exec-1/SEVERE] [DefaultWeb2FileCacheImpl.initialize] storageType  		: 0
12/14 10:32:23.421 [http-nio-8080-exec-1/INFO] [WebSquareConfig.getStringValue] key[/websquare/i18n/localeParam/@value] value[locale] defaultValue[locale]
12/14 10:32:23.422 [http-nio-8080-exec-1/INFO] [WebSquareConfig.getStringValue] key[/websquare/i18n/defaultLocale/domain[@name='localhost:8080']/@locale] value[] defaultValue[]
12/14 10:32:23.422 [http-nio-8080-exec-1/INFO] [WebSquareConfig.getStringValue] key[/websquare/i18n/defaultLocale/@value] value[ko] defaultValue[en]
12/14 10:33:21.903 [http-nio-8080-exec-2/INFO] [WebSquareConfig.getStringValue] key[//wqDefiner/@value] value[] defaultValue[]
12/14 10:33:21.905 [http-nio-8080-exec-2/INFO] [WebSquareConfig.getStringValue] key[//upload/@support] value[] defaultValue[true]
12/14 10:33:21.905 [http-nio-8080-exec-2/INFO] [WebSquareConfig.getStringValue] key[/websquare/upload/maxUploadSize/@value] value[200000000] defaultValue[1048576]
12/14 10:33:21.907 [http-nio-8080-exec-2/INFO] [WebSquareConfig.getStringValue] key[//upload/encoding/@value] value[UTF-8] defaultValue[KSC5601]
12/14 10:33:21.909 [http-nio-8080-exec-2/INFO] [WebSquareConfig.getStringValue] key[//upload/baseDir/@value] value[/Users/yongsang/Development/workspace/java/kbiz-labor/runtime/websquare_home/upload] defaultValue[null]
12/14 10:33:21.910 [http-nio-8080-exec-2/INFO] [WebSquareConfig.getStringValue] key[//upload/folderName/@value] value[up] defaultValue[]
12/14 10:33:21.924 [http-nio-8080-exec-2/INFO] [WebSquareConfig.getStringValue] key[//engineType/@value] value[5] defaultValue[1]
12/14 10:33:21.967 [http-nio-8080-exec-2/INFO] [WebSquareConfig.getStringValue] key[//engineType/@baseFolder] value[] defaultValue[]
12/14 10:33:21.973 [http-nio-8080-exec-2/INFO] [WebSquareConfig.getStringValue] key[//engineType/@coverage] value[notsupport] defaultValue[notsupport]
12/14 10:33:21.978 [http-nio-8080-exec-2/SEVERE] LoadingModule [/bootloader][websquare.Bootloader][17984][5]
12/14 10:33:21.978 [http-nio-8080-exec-2/INFO] [WebSquareConfig.getStringValue] key[//engineType/@etag] value[support] defaultValue[support]
12/14 10:33:22.515 [http-nio-8080-exec-1/SEVERE] [FileValidator.initialize] ###################initialize FileValidator#####################
12/14 10:33:22.516 [http-nio-8080-exec-1/SEVERE] [FileValidator.initialize] FileValidator.pathInValidPattern     : [\w\W]*[.][\w\W]*|[\w\W]*[..][\w\W]*|[\w\W]*WEB-INF[\w\W]*
12/14 10:33:22.516 [http-nio-8080-exec-1/SEVERE] [FileValidator.initialize] FileValidator.fileNameInValidPattern : [\w\W]*[;][\w\W]*|[\w\W]*web.xml[\w\W]*
12/14 10:33:22.518 [http-nio-8080-exec-1/INFO] [WebSquareConfig.getStringValue] key[/websquare/i18n/xmlInfo/web2fileCacheImpl/@value] value[] defaultValue[websquare.i18n.impl.DefaultWeb2FileCacheImpl]
12/14 10:33:22.518 [http-nio-8080-exec-1/SEVERE] [Web2FileCache.initialize] ###################initialize Web2FileCache #####################
12/14 10:33:22.518 [http-nio-8080-exec-1/SEVERE] [Web2FileCache.initialize] web2fileCacheImpl  		: websquare.i18n.impl.DefaultWeb2FileCacheImpl
12/14 10:33:22.519 [http-nio-8080-exec-1/INFO] [WebSquareConfig.getStringValue] key[/websquare/i18n/xmlInfo/@baseDir] value[/Users/yongsang/Development/workspace/java/kbiz-labor/src/main/webapp] defaultValue[]
12/14 10:33:22.520 [http-nio-8080-exec-1/INFO] [WebSquareConfig.getStringValue] key[/websquare/i18n/xmlInfo/@baseUrl] value[] defaultValue[url]
12/14 10:33:22.520 [http-nio-8080-exec-1/INFO] [WebSquareConfig.getStringValue] key[/websquare/i18n/xmlInfo/@cache] value[false] defaultValue[false]
12/14 10:33:22.520 [http-nio-8080-exec-1/INFO] [WebSquareConfig.getStringValue] key[/websquare/i18n/xmlInfo/@storageType] value[] defaultValue[0]
12/14 10:33:22.521 [http-nio-8080-exec-1/INFO] [WebSquareConfig.getStringValue] key[/websquare/i18n/xmlInfo/excludeList/@value] value[] defaultValue[]
12/14 10:33:22.521 [http-nio-8080-exec-1/SEVERE] [DefaultWeb2FileCacheImpl.initialize] ###################initialize DefaultWeb2FileCacheImpl #####################
12/14 10:33:22.521 [http-nio-8080-exec-1/SEVERE] [DefaultWeb2FileCacheImpl.initialize] baseDir            : /Users/yongsang/Development/workspace/java/kbiz-labor/src/main/webapp
12/14 10:33:22.521 [http-nio-8080-exec-1/SEVERE] [DefaultWeb2FileCacheImpl.initialize] url  				: url
12/14 10:33:22.521 [http-nio-8080-exec-1/SEVERE] [DefaultWeb2FileCacheImpl.initialize] useCache        	: false
12/14 10:33:22.521 [http-nio-8080-exec-1/SEVERE] [DefaultWeb2FileCacheImpl.initialize] storageType  		: 0
12/14 10:33:22.522 [http-nio-8080-exec-1/INFO] [WebSquareConfig.getStringValue] key[/websquare/i18n/localeParam/@value] value[locale] defaultValue[locale]
12/14 10:33:22.523 [http-nio-8080-exec-1/INFO] [WebSquareConfig.getStringValue] key[/websquare/i18n/defaultLocale/domain[@name='localhost:8080']/@locale] value[] defaultValue[]
12/14 10:33:22.523 [http-nio-8080-exec-1/INFO] [WebSquareConfig.getStringValue] key[/websquare/i18n/defaultLocale/@value] value[ko] defaultValue[en]
